{"uuid":"547f9e00-b110-4d04-b795-9f507de59434","historyId":"76ddc8c57f834cee330b66086d6c2d06","fullName":"Stack: The user is able to get the error message for invalid syntax for implementation page","labels":[{"name":"tag","value":"stack"},{"name":"host","value":"LAPTOP-RSES787T"},{"name":"thread","value":"44968@LAPTOP-RSES787T.main(1)"},{"name":"feature","value":"Stack"},{"name":"story","value":"The user is able to get the error message for invalid syntax for implementation page"},{"name":"suite","value":"Stack"},{"name":"testClass","value":"The user is able to get the error message for invalid syntax for implementation page"},{"name":"framework","value":"cucumber4jvm"},{"name":"language","value":"java"},{"name":"gherkin_uri","value":"file:///C:/Users/valli/Git/DS-ALGO/src/test/resources/features/7stack.feature"},{"name":"package","value":"src.test.resources.features.7stack_feature.Stack"}],"links":[],"name":"The user is able to get the error message for invalid syntax for implementation page","status":"failed","statusDetails":{"known":false,"muted":false,"flaky":false,"message":"expected [Assessment] but found [Stack]","trace":"java.lang.AssertionError: expected [Assessment] but found [Stack]\r\n\tat org.testng.Assert.fail(Assert.java:110)\r\n\tat org.testng.Assert.failNotEquals(Assert.java:1413)\r\n\tat org.testng.Assert.assertEqualsImpl(Assert.java:149)\r\n\tat org.testng.Assert.assertEquals(Assert.java:131)\r\n\tat org.testng.Assert.assertEquals(Assert.java:655)\r\n\tat org.testng.Assert.assertEquals(Assert.java:665)\r\n\tat com.stepDefinations.CommonStepDef.the_user_is_at_home_page_with_title(CommonStepDef.java:30)\r\n\tat ✽.The user is at home page with title \"Stack\"(file:///C:/Users/valli/Git/DS-ALGO/src/test/resources/features/7stack.feature:64)\r\n"},"stage":"finished","steps":[{"name":"Given  The user is at home page with title \"Stack\"","status":"failed","statusDetails":{"known":false,"muted":false,"flaky":false,"message":"expected [Assessment] but found [Stack]","trace":"java.lang.AssertionError: expected [Assessment] but found [Stack]\r\n\tat org.testng.Assert.fail(Assert.java:110)\r\n\tat org.testng.Assert.failNotEquals(Assert.java:1413)\r\n\tat org.testng.Assert.assertEqualsImpl(Assert.java:149)\r\n\tat org.testng.Assert.assertEquals(Assert.java:131)\r\n\tat org.testng.Assert.assertEquals(Assert.java:655)\r\n\tat org.testng.Assert.assertEquals(Assert.java:665)\r\n\tat com.stepDefinations.CommonStepDef.the_user_is_at_home_page_with_title(CommonStepDef.java:30)\r\n\tat ✽.The user is at home page with title \"Stack\"(file:///C:/Users/valli/Git/DS-ALGO/src/test/resources/features/7stack.feature:64)\r\n"},"stage":"finished","steps":[],"attachments":[],"parameters":[],"start":1673421204619,"stop":1673421204619},{"name":"When  user click on Implementation link","status":"skipped","statusDetails":{"known":false,"muted":false,"flaky":false},"stage":"finished","steps":[],"attachments":[],"parameters":[],"start":1673421204904,"stop":1673421204904},{"name":"Then  user should navigate to corresponding page with title \"Implementation\"","status":"skipped","statusDetails":{"known":false,"muted":false,"flaky":false},"stage":"finished","steps":[],"attachments":[],"parameters":[],"start":1673421204904,"stop":1673421204904},{"name":"When  user clicks on Try here","status":"skipped","statusDetails":{"known":false,"muted":false,"flaky":false},"stage":"finished","steps":[],"attachments":[],"parameters":[],"start":1673421204904,"stop":1673421204904},{"name":"And  It should navigate to corresponding page with title \"Assessment\"","status":"skipped","statusDetails":{"known":false,"muted":false,"flaky":false},"stage":"finished","steps":[],"attachments":[],"parameters":[],"start":1673421204904,"stop":1673421204904},{"name":"When  user enters invalid Python code in text editor","status":"skipped","statusDetails":{"known":false,"muted":false,"flaky":false},"stage":"finished","steps":[],"attachments":[{"name":"Data table","source":"23df56ce-a46b-4af9-89d3-b8bd456c75c4-attachment.csv","type":"text/tab-separated-values"}],"parameters":[],"start":1673421204904,"stop":1673421204904},{"name":"And  click on run button","status":"skipped","statusDetails":{"known":false,"muted":false,"flaky":false},"stage":"finished","steps":[],"attachments":[],"parameters":[],"start":1673421204904,"stop":1673421204904},{"name":"Then  user should get error message","status":"skipped","statusDetails":{"known":false,"muted":false,"flaky":false},"stage":"finished","steps":[],"attachments":[],"parameters":[],"start":1673421204904,"stop":1673421204904},{"name":"Then  User navigate back to page as title \"https://dsportalapp.herokuapp.com/stack/\"","status":"skipped","statusDetails":{"known":false,"muted":false,"flaky":false},"stage":"finished","steps":[],"attachments":[],"parameters":[],"start":1673421204904,"stop":1673421204904},{"name":"Then  user is navigated to home page \"https://dsportalapp.herokuapp.com/home\"","status":"skipped","statusDetails":{"known":false,"muted":false,"flaky":false},"stage":"finished","steps":[],"attachments":[],"parameters":[],"start":1673421204904,"stop":1673421204904}],"attachments":[],"parameters":[],"start":1673421204619,"stop":1673421204904}