{"uuid":"89add42b-640f-45ad-b892-9b06be293aeb","historyId":"a9d79d28d1637cad4654dfe8e0ff4f2e","fullName":"Stack: The user is able to get the error message for invalid syntax for Operations in Stack page","labels":[{"name":"tag","value":"stack"},{"name":"host","value":"LAPTOP-RSES787T"},{"name":"thread","value":"9032@LAPTOP-RSES787T.main(1)"},{"name":"feature","value":"Stack"},{"name":"story","value":"The user is able to get the error message for invalid syntax for Operations in Stack page"},{"name":"suite","value":"Stack"},{"name":"testClass","value":"The user is able to get the error message for invalid syntax for Operations in Stack page"},{"name":"framework","value":"cucumber4jvm"},{"name":"language","value":"java"},{"name":"gherkin_uri","value":"file:///C:/Users/valli/Git/DS-ALGO/src/test/resources/features/7stack.feature"},{"name":"package","value":"src.test.resources.features.7stack_feature.Stack"}],"links":[],"name":"The user is able to get the error message for invalid syntax for Operations in Stack page","status":"failed","statusDetails":{"known":false,"muted":false,"flaky":false,"message":"expected [] but found [Stack]","trace":"java.lang.AssertionError: expected [] but found [Stack]\r\n\tat org.testng.Assert.fail(Assert.java:110)\r\n\tat org.testng.Assert.failNotEquals(Assert.java:1413)\r\n\tat org.testng.Assert.assertEqualsImpl(Assert.java:149)\r\n\tat org.testng.Assert.assertEquals(Assert.java:131)\r\n\tat org.testng.Assert.assertEquals(Assert.java:655)\r\n\tat org.testng.Assert.assertEquals(Assert.java:665)\r\n\tat com.stepDefinations.CommonStepDef.the_user_is_at_home_page_with_title(CommonStepDef.java:27)\r\n\tat ✽.The user is at home page with title \"Stack\"(file:///C:/Users/valli/Git/DS-ALGO/src/test/resources/features/7stack.feature:50)\r\n"},"stage":"finished","steps":[{"name":"Given  The user is at home page with title \"Stack\"","status":"failed","statusDetails":{"known":false,"muted":false,"flaky":false,"message":"expected [] but found [Stack]","trace":"java.lang.AssertionError: expected [] but found [Stack]\r\n\tat org.testng.Assert.fail(Assert.java:110)\r\n\tat org.testng.Assert.failNotEquals(Assert.java:1413)\r\n\tat org.testng.Assert.assertEqualsImpl(Assert.java:149)\r\n\tat org.testng.Assert.assertEquals(Assert.java:131)\r\n\tat org.testng.Assert.assertEquals(Assert.java:655)\r\n\tat org.testng.Assert.assertEquals(Assert.java:665)\r\n\tat com.stepDefinations.CommonStepDef.the_user_is_at_home_page_with_title(CommonStepDef.java:27)\r\n\tat ✽.The user is at home page with title \"Stack\"(file:///C:/Users/valli/Git/DS-ALGO/src/test/resources/features/7stack.feature:50)\r\n"},"stage":"finished","steps":[],"attachments":[],"parameters":[],"start":1673418183267,"stop":1673418183287},{"name":"When  user click on operations in stack link","status":"skipped","statusDetails":{"known":false,"muted":false,"flaky":false},"stage":"finished","steps":[],"attachments":[],"parameters":[],"start":1673418183561,"stop":1673418183561},{"name":"Then  user should navigate to corresponding page with title \"Operations in Stack\"","status":"skipped","statusDetails":{"known":false,"muted":false,"flaky":false},"stage":"finished","steps":[],"attachments":[],"parameters":[],"start":1673418183562,"stop":1673418183562},{"name":"When  user clicks on Try here","status":"skipped","statusDetails":{"known":false,"muted":false,"flaky":false},"stage":"finished","steps":[],"attachments":[],"parameters":[],"start":1673418183562,"stop":1673418183563},{"name":"And  It should navigate to corresponding page with title \"Assessment\"","status":"skipped","statusDetails":{"known":false,"muted":false,"flaky":false},"stage":"finished","steps":[],"attachments":[],"parameters":[],"start":1673418183563,"stop":1673418183563},{"name":"When  user enters invalid Python code in text editor","status":"skipped","statusDetails":{"known":false,"muted":false,"flaky":false},"stage":"finished","steps":[],"attachments":[{"name":"Data table","source":"7e7dc275-6771-47ee-a9d0-1bf525d81423-attachment.csv","type":"text/tab-separated-values"}],"parameters":[],"start":1673418183564,"stop":1673418183566},{"name":"And  click on run button","status":"skipped","statusDetails":{"known":false,"muted":false,"flaky":false},"stage":"finished","steps":[],"attachments":[],"parameters":[],"start":1673418183566,"stop":1673418183567},{"name":"Then  user should get error message","status":"skipped","statusDetails":{"known":false,"muted":false,"flaky":false},"stage":"finished","steps":[],"attachments":[],"parameters":[],"start":1673418183567,"stop":1673418183568},{"name":"Then  User navigate back to page as title \"https://dsportalapp.herokuapp.com/stack/\"","status":"skipped","statusDetails":{"known":false,"muted":false,"flaky":false},"stage":"finished","steps":[],"attachments":[],"parameters":[],"start":1673418183568,"stop":1673418183568}],"attachments":[],"parameters":[],"start":1673418183264,"stop":1673418183569}