{"uuid":"d2b9d3e5-3bbb-4d5c-aefa-6725bb794747","historyId":"94219f6554f5d1e1b08cd43c6ece3699","fullName":"Graph: The user is presented with error message for invalid code in Editor for Graph page","labels":[{"name":"tag","value":"graph"},{"name":"host","value":"LAPTOP-RSES787T"},{"name":"thread","value":"65472@LAPTOP-RSES787T.main(1)"},{"name":"feature","value":"Graph"},{"name":"story","value":"The user is presented with error message for invalid code in Editor for Graph page"},{"name":"suite","value":"Graph"},{"name":"testClass","value":"The user is presented with error message for invalid code in Editor for Graph page"},{"name":"framework","value":"cucumber4jvm"},{"name":"language","value":"java"},{"name":"gherkin_uri","value":"file:///C:/Users/valli/Git/DS-ALGO/src/test/resources/features/9graph.feature"},{"name":"package","value":"src.test.resources.features.9graph_feature.Graph"}],"links":[],"name":"The user is presented with error message for invalid code in Editor for Graph page","status":"failed","statusDetails":{"known":false,"muted":false,"flaky":false,"message":"Title do not match expected [Assessment] but found [Graph]","trace":"java.lang.AssertionError: Title do not match expected [Assessment] but found [Graph]\r\n\tat org.testng.Assert.fail(Assert.java:110)\r\n\tat org.testng.Assert.failNotEquals(Assert.java:1413)\r\n\tat org.testng.Assert.assertEqualsImpl(Assert.java:149)\r\n\tat org.testng.Assert.assertEquals(Assert.java:131)\r\n\tat org.testng.Assert.assertEquals(Assert.java:655)\r\n\tat com.stepDefinations.ArraysStepDef.the_user_is_in_a_page_having_an_try_editor_with_a_run_button_to_test(ArraysStepDef.java:195)\r\n\tat ✽.The user is in a page having an tryEditor with a Run button to test(file:///C:/Users/valli/Git/DS-ALGO/src/test/resources/features/9graph.feature:41)\r\n"},"stage":"finished","description":"  I want to use this template for my feature file","steps":[{"name":"Given  The user is in a page having an tryEditor with a Run button to test","status":"failed","statusDetails":{"known":false,"muted":false,"flaky":false,"message":"Title do not match expected [Assessment] but found [Graph]","trace":"java.lang.AssertionError: Title do not match expected [Assessment] but found [Graph]\r\n\tat org.testng.Assert.fail(Assert.java:110)\r\n\tat org.testng.Assert.failNotEquals(Assert.java:1413)\r\n\tat org.testng.Assert.assertEqualsImpl(Assert.java:149)\r\n\tat org.testng.Assert.assertEquals(Assert.java:131)\r\n\tat org.testng.Assert.assertEquals(Assert.java:655)\r\n\tat com.stepDefinations.ArraysStepDef.the_user_is_in_a_page_having_an_try_editor_with_a_run_button_to_test(ArraysStepDef.java:195)\r\n\tat ✽.The user is in a page having an tryEditor with a Run button to test(file:///C:/Users/valli/Git/DS-ALGO/src/test/resources/features/9graph.feature:41)\r\n"},"stage":"finished","steps":[],"attachments":[],"parameters":[],"start":1673420107196,"stop":1673420107217},{"name":"When  The user enter python code with invalid syntax in tryEditor from sheet \"pythonCode\" and 1","status":"skipped","statusDetails":{"known":false,"muted":false,"flaky":false},"stage":"finished","steps":[],"attachments":[],"parameters":[],"start":1673420107530,"stop":1673420107531},{"name":"And  click on run button","status":"skipped","statusDetails":{"known":false,"muted":false,"flaky":false},"stage":"finished","steps":[],"attachments":[],"parameters":[],"start":1673420107532,"stop":1673420107532},{"name":"Then  The user gets an error message","status":"skipped","statusDetails":{"known":false,"muted":false,"flaky":false},"stage":"finished","steps":[],"attachments":[],"parameters":[],"start":1673420107533,"stop":1673420107533},{"name":"Then  user is navigated to home page \"https://dsportalapp.herokuapp.com/home\"","status":"skipped","statusDetails":{"known":false,"muted":false,"flaky":false},"stage":"finished","steps":[],"attachments":[],"parameters":[],"start":1673420107534,"stop":1673420107535}],"attachments":[],"parameters":[{"name":"Sheetname","value":"pythonCode"},{"name":"RowNumber","value":"1"}],"start":1673420107194,"stop":1673420107537}