{"uuid":"d6e49376-925e-47d3-9661-0bc0af2960ac","historyId":"9b63cd94f88bbcd5de3a7f5dc3124c4b","fullName":"Array: The user is presented with error message for code with invalid syntax in tryEditor for Search the array link","labels":[{"name":"tag","value":"arrays"},{"name":"host","value":"LAPTOP-RSES787T"},{"name":"thread","value":"44968@LAPTOP-RSES787T.main(1)"},{"name":"feature","value":"Array"},{"name":"story","value":"The user is presented with error message for code with invalid syntax in tryEditor for Search the array link"},{"name":"suite","value":"Array"},{"name":"testClass","value":"The user is presented with error message for code with invalid syntax in tryEditor for Search the array link"},{"name":"framework","value":"cucumber4jvm"},{"name":"language","value":"java"},{"name":"gherkin_uri","value":"file:///C:/Users/valli/Git/DS-ALGO/src/test/resources/features/5arrays.feature"},{"name":"package","value":"src.test.resources.features.5arrays_feature.Array"}],"links":[],"name":"The user is presented with error message for code with invalid syntax in tryEditor for Search the array link","status":"failed","statusDetails":{"known":false,"muted":false,"flaky":false,"message":"Result do not match expected [SyntaxError: bad input on line 1] but found [NameError: name 'hello' is not defined on line 1]","trace":"java.lang.AssertionError: Result do not match expected [SyntaxError: bad input on line 1] but found [NameError: name 'hello' is not defined on line 1]\r\n\tat org.testng.Assert.fail(Assert.java:110)\r\n\tat org.testng.Assert.failNotEquals(Assert.java:1413)\r\n\tat org.testng.Assert.assertEqualsImpl(Assert.java:149)\r\n\tat org.testng.Assert.assertEquals(Assert.java:131)\r\n\tat org.testng.Assert.assertEquals(Assert.java:655)\r\n\tat com.stepDefinations.ArraysStepDef.the_user_should_be_presented_with_error_message_as(ArraysStepDef.java:161)\r\n\tat ✽.The user should be presented with error message as \"SyntaxError: bad input on line 1\"(file:///C:/Users/valli/Git/DS-ALGO/src/test/resources/features/5arrays.feature:191)\r\n"},"stage":"finished","steps":[{"name":"Given  The user is on \"Question\" page of \"Search the array\" after logged in","status":"passed","statusDetails":{"known":false,"muted":false,"flaky":false},"stage":"finished","steps":[],"attachments":[],"parameters":[],"start":1673421184301,"stop":1673421184442},{"name":"When  The user enter python code with invalid syntax in tryEditor from sheet \"pythonCode\" and 1","status":"passed","statusDetails":{"known":false,"muted":false,"flaky":false},"stage":"finished","steps":[],"attachments":[],"parameters":[],"start":1673421184443,"stop":1673421184842},{"name":"And  The user clicks on run button","status":"passed","statusDetails":{"known":false,"muted":false,"flaky":false},"stage":"finished","steps":[],"attachments":[],"parameters":[],"start":1673421184843,"stop":1673421184958},{"name":"Then  The user should be presented with error message as \"SyntaxError: bad input on line 1\"","status":"failed","statusDetails":{"known":false,"muted":false,"flaky":false,"message":"Result do not match expected [SyntaxError: bad input on line 1] but found [NameError: name 'hello' is not defined on line 1]","trace":"java.lang.AssertionError: Result do not match expected [SyntaxError: bad input on line 1] but found [NameError: name 'hello' is not defined on line 1]\r\n\tat org.testng.Assert.fail(Assert.java:110)\r\n\tat org.testng.Assert.failNotEquals(Assert.java:1413)\r\n\tat org.testng.Assert.assertEqualsImpl(Assert.java:149)\r\n\tat org.testng.Assert.assertEquals(Assert.java:131)\r\n\tat org.testng.Assert.assertEquals(Assert.java:655)\r\n\tat com.stepDefinations.ArraysStepDef.the_user_should_be_presented_with_error_message_as(ArraysStepDef.java:161)\r\n\tat ✽.The user should be presented with error message as \"SyntaxError: bad input on line 1\"(file:///C:/Users/valli/Git/DS-ALGO/src/test/resources/features/5arrays.feature:191)\r\n"},"stage":"finished","steps":[],"attachments":[],"parameters":[],"start":1673421184958,"stop":1673421184963}],"attachments":[],"parameters":[{"name":"Sheetname","value":"pythonCode"},{"name":"RowNumber","value":"1"}],"start":1673421184300,"stop":1673421185253}