{"uuid":"e4ff08f4-8752-4cfa-af89-db35bd9843fb","historyId":"534cd6ee6a73fae95bfe05d5bc4667e8","fullName":"Array: The user is able to submit code in tryEditor for Squares of a Sorted Array","labels":[{"name":"tag","value":"arrays"},{"name":"host","value":"LAPTOP-RSES787T"},{"name":"thread","value":"33172@LAPTOP-RSES787T.main(1)"},{"name":"feature","value":"Array"},{"name":"story","value":"The user is able to submit code in tryEditor for Squares of a Sorted Array"},{"name":"suite","value":"Array"},{"name":"testClass","value":"The user is able to submit code in tryEditor for Squares of a Sorted Array"},{"name":"framework","value":"cucumber4jvm"},{"name":"language","value":"java"},{"name":"gherkin_uri","value":"file:///C:/Users/valli/Git/DS-ALGO/src/test/resources/features/5arrays.feature"},{"name":"package","value":"src.test.resources.features.5arrays_feature.Array"}],"links":[],"name":"The user is able to submit code in tryEditor for Squares of a Sorted Array","status":"failed","statusDetails":{"known":false,"muted":false,"flaky":false,"message":"Result do not match expected [submission success] but found [ No tests were collected]","trace":"java.lang.AssertionError: Result do not match expected [submission success] but found [ No tests were collected]\r\n\tat org.testng.Assert.fail(Assert.java:110)\r\n\tat org.testng.Assert.failNotEquals(Assert.java:1413)\r\n\tat org.testng.Assert.assertEqualsImpl(Assert.java:149)\r\n\tat org.testng.Assert.assertEquals(Assert.java:131)\r\n\tat org.testng.Assert.assertEquals(Assert.java:655)\r\n\tat com.stepDefinations.ArraysStepDef.the_user_should_be_presented_with_successful_submission_message(ArraysStepDef.java:160)\r\n\tat ✽.The user should be presented with successful submission message(file:///C:/Users/valli/Git/DS-ALGO/src/test/resources/features/5arrays.feature:170)\r\n"},"stage":"finished","steps":[{"name":"Given  The user is on \"Question\" page of \"Squares of a Sorted Array\" after logged in","status":"passed","statusDetails":{"known":false,"muted":false,"flaky":false},"stage":"finished","steps":[],"attachments":[],"parameters":[],"start":1673283496474,"stop":1673283496677},{"name":"When  The user enter valid python code in tryEditor from sheet \"pythonCode\" and 9 for the question","status":"passed","statusDetails":{"known":false,"muted":false,"flaky":false},"stage":"finished","steps":[],"attachments":[],"parameters":[],"start":1673283496677,"stop":1673283500068},{"name":"And  The user clicks on Submit button","status":"passed","statusDetails":{"known":false,"muted":false,"flaky":false},"stage":"finished","steps":[],"attachments":[],"parameters":[],"start":1673283500068,"stop":1673283500164},{"name":"Then  The user should be presented with successful submission message","status":"failed","statusDetails":{"known":false,"muted":false,"flaky":false,"message":"Result do not match expected [submission success] but found [ No tests were collected]","trace":"java.lang.AssertionError: Result do not match expected [submission success] but found [ No tests were collected]\r\n\tat org.testng.Assert.fail(Assert.java:110)\r\n\tat org.testng.Assert.failNotEquals(Assert.java:1413)\r\n\tat org.testng.Assert.assertEqualsImpl(Assert.java:149)\r\n\tat org.testng.Assert.assertEquals(Assert.java:131)\r\n\tat org.testng.Assert.assertEquals(Assert.java:655)\r\n\tat com.stepDefinations.ArraysStepDef.the_user_should_be_presented_with_successful_submission_message(ArraysStepDef.java:160)\r\n\tat ✽.The user should be presented with successful submission message(file:///C:/Users/valli/Git/DS-ALGO/src/test/resources/features/5arrays.feature:170)\r\n"},"stage":"finished","steps":[],"attachments":[],"parameters":[],"start":1673283500165,"stop":1673283500802}],"attachments":[],"parameters":[{"name":"Sheetname","value":"pythonCode"},{"name":"RowNumber","value":"9"}],"start":1673283496474,"stop":1673283501216}