{"uuid":"fd7a817c-6e5b-4141-89c0-08c5fe1d9441","historyId":"8aa187616eae49a95b5544ba24a3a508","fullName":"Array: The user is presented with error message for code with invalid syntax in tryEditor for Arrays in Python page","labels":[{"name":"tag","value":"arrays"},{"name":"host","value":"LAPTOP-RSES787T"},{"name":"thread","value":"57156@LAPTOP-RSES787T.main(1)"},{"name":"feature","value":"Array"},{"name":"story","value":"The user is presented with error message for code with invalid syntax in tryEditor for Arrays in Python page"},{"name":"suite","value":"Array"},{"name":"testClass","value":"The user is presented with error message for code with invalid syntax in tryEditor for Arrays in Python page"},{"name":"framework","value":"cucumber4jvm"},{"name":"language","value":"java"},{"name":"gherkin_uri","value":"file:///C:/Users/valli/Git/DS-ALGO/src/test/resources/features/5arrays.feature"},{"name":"package","value":"src.test.resources.features.5arrays_feature.Array"}],"links":[],"name":"The user is presented with error message for code with invalid syntax in tryEditor for Arrays in Python page","status":"failed","statusDetails":{"known":false,"muted":false,"flaky":false,"message":"Result do not match expected [NameError: name 'hello' is not defined on line 1] but found [NameError: name 'hellosortedSquares' is not defined on line 9]","trace":"java.lang.AssertionError: Result do not match expected [NameError: name 'hello' is not defined on line 1] but found [NameError: name 'hellosortedSquares' is not defined on line 9]\r\n\tat org.testng.Assert.fail(Assert.java:110)\r\n\tat org.testng.Assert.failNotEquals(Assert.java:1413)\r\n\tat org.testng.Assert.assertEqualsImpl(Assert.java:149)\r\n\tat org.testng.Assert.assertEquals(Assert.java:131)\r\n\tat org.testng.Assert.assertEquals(Assert.java:655)\r\n\tat com.stepDefinations.ArraysStepDef.the_user_should_be_presented_with_error_message_as(ArraysStepDef.java:187)\r\n\tat ✽.The user should be presented with error message as \"NameError: name 'hello' is not defined on line 1\"(file:///C:/Users/valli/Git/DS-ALGO/src/test/resources/features/5arrays.feature:180)\r\n"},"stage":"finished","steps":[{"name":"Given  The user is in a page having an tryEditor with a Run button to test","status":"passed","statusDetails":{"known":false,"muted":false,"flaky":false},"stage":"finished","steps":[],"attachments":[],"parameters":[],"start":1673378299523,"stop":1673378299538},{"name":"When  The user enter python code with invalid syntax in tryEditor from sheet \"pythonCode\" and 1","status":"passed","statusDetails":{"known":false,"muted":false,"flaky":false},"stage":"finished","steps":[],"attachments":[],"parameters":[],"start":1673378299538,"stop":1673378299923},{"name":"And  The user clicks on run button","status":"passed","statusDetails":{"known":false,"muted":false,"flaky":false},"stage":"finished","steps":[],"attachments":[],"parameters":[],"start":1673378299924,"stop":1673378300053},{"name":"Then  The user should be presented with error message as \"NameError: name 'hello' is not defined on line 1\"","status":"failed","statusDetails":{"known":false,"muted":false,"flaky":false,"message":"Result do not match expected [NameError: name 'hello' is not defined on line 1] but found [NameError: name 'hellosortedSquares' is not defined on line 9]","trace":"java.lang.AssertionError: Result do not match expected [NameError: name 'hello' is not defined on line 1] but found [NameError: name 'hellosortedSquares' is not defined on line 9]\r\n\tat org.testng.Assert.fail(Assert.java:110)\r\n\tat org.testng.Assert.failNotEquals(Assert.java:1413)\r\n\tat org.testng.Assert.assertEqualsImpl(Assert.java:149)\r\n\tat org.testng.Assert.assertEquals(Assert.java:131)\r\n\tat org.testng.Assert.assertEquals(Assert.java:655)\r\n\tat com.stepDefinations.ArraysStepDef.the_user_should_be_presented_with_error_message_as(ArraysStepDef.java:187)\r\n\tat ✽.The user should be presented with error message as \"NameError: name 'hello' is not defined on line 1\"(file:///C:/Users/valli/Git/DS-ALGO/src/test/resources/features/5arrays.feature:180)\r\n"},"stage":"finished","steps":[],"attachments":[],"parameters":[],"start":1673378300054,"stop":1673378300072}],"attachments":[],"parameters":[{"name":"Sheetname","value":"pythonCode"},{"name":"RowNumber","value":"1"}],"start":1673378299523,"stop":1673378300396}