{"uuid":"fefb9631-e7e5-41ab-a27e-141607cc9b8a","historyId":"3ffc19055b946099272f305e9dccc397","fullName":"Stack: validating Stack operationsInStack  page","labels":[{"name":"tag","value":"stack"},{"name":"host","value":"LAPTOP-RSES787T"},{"name":"thread","value":"44968@LAPTOP-RSES787T.main(1)"},{"name":"feature","value":"Stack"},{"name":"story","value":"validating Stack operationsInStack  page"},{"name":"suite","value":"Stack"},{"name":"testClass","value":"validating Stack operationsInStack  page"},{"name":"framework","value":"cucumber4jvm"},{"name":"language","value":"java"},{"name":"gherkin_uri","value":"file:///C:/Users/valli/Git/DS-ALGO/src/test/resources/features/7stack.feature"},{"name":"package","value":"src.test.resources.features.7stack_feature.Stack"}],"links":[],"name":"validating Stack operationsInStack  page","status":"failed","statusDetails":{"known":false,"muted":false,"flaky":false,"message":"expected [Assessment] but found [NumpyNinja]","trace":"java.lang.AssertionError: expected [Assessment] but found [NumpyNinja]\r\n\tat org.testng.Assert.fail(Assert.java:110)\r\n\tat org.testng.Assert.failNotEquals(Assert.java:1413)\r\n\tat org.testng.Assert.assertEqualsImpl(Assert.java:149)\r\n\tat org.testng.Assert.assertEquals(Assert.java:131)\r\n\tat org.testng.Assert.assertEquals(Assert.java:655)\r\n\tat org.testng.Assert.assertEquals(Assert.java:665)\r\n\tat com.stepDefinations.CommonStepDef.the_user_is_at_home_page_with_title(CommonStepDef.java:30)\r\n\tat ✽.The user is at home page with title \"NumpyNinja\"(file:///C:/Users/valli/Git/DS-ALGO/src/test/resources/features/7stack.feature:11)\r\n"},"stage":"finished","steps":[{"name":"Given  The user is at home page with title \"NumpyNinja\"","status":"failed","statusDetails":{"known":false,"muted":false,"flaky":false,"message":"expected [Assessment] but found [NumpyNinja]","trace":"java.lang.AssertionError: expected [Assessment] but found [NumpyNinja]\r\n\tat org.testng.Assert.fail(Assert.java:110)\r\n\tat org.testng.Assert.failNotEquals(Assert.java:1413)\r\n\tat org.testng.Assert.assertEqualsImpl(Assert.java:149)\r\n\tat org.testng.Assert.assertEquals(Assert.java:131)\r\n\tat org.testng.Assert.assertEquals(Assert.java:655)\r\n\tat org.testng.Assert.assertEquals(Assert.java:665)\r\n\tat com.stepDefinations.CommonStepDef.the_user_is_at_home_page_with_title(CommonStepDef.java:30)\r\n\tat ✽.The user is at home page with title \"NumpyNinja\"(file:///C:/Users/valli/Git/DS-ALGO/src/test/resources/features/7stack.feature:11)\r\n"},"stage":"finished","steps":[],"attachments":[],"parameters":[],"start":1673421203150,"stop":1673421203160},{"name":"When  user click on Get Started button in Stack section","status":"skipped","statusDetails":{"known":false,"muted":false,"flaky":false},"stage":"finished","steps":[],"attachments":[],"parameters":[],"start":1673421203526,"stop":1673421203526},{"name":"Then  user should navigate to corresponding page with title \"Stack\"","status":"skipped","statusDetails":{"known":false,"muted":false,"flaky":false},"stage":"finished","steps":[],"attachments":[],"parameters":[],"start":1673421203527,"stop":1673421203527},{"name":"When  user click on operations in stack link","status":"skipped","statusDetails":{"known":false,"muted":false,"flaky":false},"stage":"finished","steps":[],"attachments":[],"parameters":[],"start":1673421203527,"stop":1673421203527},{"name":"Then  user should navigate to corresponding page with title \"Operations in Stack\"","status":"skipped","statusDetails":{"known":false,"muted":false,"flaky":false},"stage":"finished","steps":[],"attachments":[],"parameters":[],"start":1673421203527,"stop":1673421203527},{"name":"When  user clicks on Try here","status":"skipped","statusDetails":{"known":false,"muted":false,"flaky":false},"stage":"finished","steps":[],"attachments":[],"parameters":[],"start":1673421203527,"stop":1673421203527},{"name":"And  It should navigate to corresponding page with title \"Assessment\"","status":"skipped","statusDetails":{"known":false,"muted":false,"flaky":false},"stage":"finished","steps":[],"attachments":[],"parameters":[],"start":1673421203527,"stop":1673421203527},{"name":"When  user enter the Python code in text editor","status":"skipped","statusDetails":{"known":false,"muted":false,"flaky":false},"stage":"finished","steps":[],"attachments":[{"name":"Data table","source":"f96cdf8f-a02d-44d0-b1e6-c7c2a5aac6b2-attachment.csv","type":"text/tab-separated-values"}],"parameters":[],"start":1673421203528,"stop":1673421203529},{"name":"And  click on run button","status":"skipped","statusDetails":{"known":false,"muted":false,"flaky":false},"stage":"finished","steps":[],"attachments":[],"parameters":[],"start":1673421203529,"stop":1673421203529},{"name":"Then  User navigate back to page as title \"https://dsportalapp.herokuapp.com/stack/\"","status":"skipped","statusDetails":{"known":false,"muted":false,"flaky":false},"stage":"finished","steps":[],"attachments":[],"parameters":[],"start":1673421203529,"stop":1673421203529}],"attachments":[],"parameters":[],"start":1673421203149,"stop":1673421203529}