<?xml version="1.0" encoding="UTF-8"?>
<testng-results ignored="0" total="69" passed="62" failed="7" skipped="0">
  <reporter-output>
  </reporter-output>
  <suite started-at="2023-01-18T10:32:32 EST" name="Default suite" finished-at="2023-01-18T10:36:06 EST" duration-ms="213477">
    <groups>
      <group name="cucumber">
        <method signature="AbstractTestNGCucumberTests.runScenario(io.cucumber.testng.PickleWrapper,io.cucumber.testng.FeatureWrapper)[pri:0, instance:com.runner.Runner@7a8c8dcf]" name="runScenario" class="io.cucumber.testng.AbstractTestNGCucumberTests"/>
      </group> <!-- cucumber -->
    </groups>
    <test started-at="2023-01-18T10:32:32 EST" name="Default test" finished-at="2023-01-18T10:36:06 EST" duration-ms="213477">
      <class name="com.runner.Runner">
        <test-method is-config="true" signature="setUpClass(org.testng.ITestContext)[pri:0, instance:com.runner.Runner@7a8c8dcf]" started-at="2023-01-18T10:32:32 EST" name="setUpClass" finished-at="2023-01-18T10:32:35 EST" duration-ms="2538" status="PASS">
          <params>
            <param index="0">
              <value>
                <![CDATA[org.testng.TestRunner@4ad6618e]]>
              </value>
            </param>
          </params>
          <reporter-output>
          </reporter-output>
        </test-method> <!-- setUpClass -->
        <test-method signature="runScenario(io.cucumber.testng.PickleWrapper,io.cucumber.testng.FeatureWrapper)[pri:0, instance:com.runner.Runner@7a8c8dcf]" started-at="2023-01-18T10:32:35 EST" name="runScenario" description="Runs Cucumber Scenarios" data-provider="scenarios" finished-at="2023-01-18T10:32:49 EST" duration-ms="13947" status="PASS">
          <params>
            <param index="0">
              <value>
                <![CDATA["validation of Start Page"]]>
              </value>
            </param>
            <param index="1">
              <value>
                <![CDATA["Optional[Start page]"]]>
              </value>
            </param>
          </params>
          <reporter-output>
          </reporter-output>
        </test-method> <!-- runScenario -->
        <test-method signature="runScenario(io.cucumber.testng.PickleWrapper,io.cucumber.testng.FeatureWrapper)[pri:0, instance:com.runner.Runner@7a8c8dcf]" started-at="2023-01-18T10:32:49 EST" name="runScenario" description="Runs Cucumber Scenarios" data-provider="scenarios" finished-at="2023-01-18T10:32:54 EST" duration-ms="5350" status="PASS">
          <params>
            <param index="0">
              <value>
                <![CDATA["Register validation with valid inputs"]]>
              </value>
            </param>
            <param index="1">
              <value>
                <![CDATA["Optional[Register]"]]>
              </value>
            </param>
          </params>
          <reporter-output>
          </reporter-output>
        </test-method> <!-- runScenario -->
        <test-method signature="runScenario(io.cucumber.testng.PickleWrapper,io.cucumber.testng.FeatureWrapper)[pri:0, instance:com.runner.Runner@7a8c8dcf]" started-at="2023-01-18T10:32:54 EST" name="runScenario" description="Runs Cucumber Scenarios" data-provider="scenarios" finished-at="2023-01-18T10:32:59 EST" duration-ms="4746" status="PASS">
          <params>
            <param index="0">
              <value>
                <![CDATA["Register validation with valid inputs"]]>
              </value>
            </param>
            <param index="1">
              <value>
                <![CDATA["Optional[Register]"]]>
              </value>
            </param>
          </params>
          <reporter-output>
          </reporter-output>
        </test-method> <!-- runScenario -->
        <test-method signature="runScenario(io.cucumber.testng.PickleWrapper,io.cucumber.testng.FeatureWrapper)[pri:0, instance:com.runner.Runner@7a8c8dcf]" started-at="2023-01-18T10:32:59 EST" name="runScenario" description="Runs Cucumber Scenarios" data-provider="scenarios" finished-at="2023-01-18T10:33:01 EST" duration-ms="1941" status="PASS">
          <params>
            <param index="0">
              <value>
                <![CDATA["Register validation with invalid inputs"]]>
              </value>
            </param>
            <param index="1">
              <value>
                <![CDATA["Optional[Register]"]]>
              </value>
            </param>
          </params>
          <reporter-output>
          </reporter-output>
        </test-method> <!-- runScenario -->
        <test-method signature="runScenario(io.cucumber.testng.PickleWrapper,io.cucumber.testng.FeatureWrapper)[pri:0, instance:com.runner.Runner@7a8c8dcf]" started-at="2023-01-18T10:33:01 EST" name="runScenario" description="Runs Cucumber Scenarios" data-provider="scenarios" finished-at="2023-01-18T10:33:03 EST" duration-ms="2046" status="PASS">
          <params>
            <param index="0">
              <value>
                <![CDATA["Register validation with invalid inputs/blank fields"]]>
              </value>
            </param>
            <param index="1">
              <value>
                <![CDATA["Optional[Register]"]]>
              </value>
            </param>
          </params>
          <reporter-output>
          </reporter-output>
        </test-method> <!-- runScenario -->
        <test-method signature="runScenario(io.cucumber.testng.PickleWrapper,io.cucumber.testng.FeatureWrapper)[pri:0, instance:com.runner.Runner@7a8c8dcf]" started-at="2023-01-18T10:33:03 EST" name="runScenario" description="Runs Cucumber Scenarios" data-provider="scenarios" finished-at="2023-01-18T10:33:05 EST" duration-ms="2150" status="PASS">
          <params>
            <param index="0">
              <value>
                <![CDATA["Register validation with invalid inputs/blank fields"]]>
              </value>
            </param>
            <param index="1">
              <value>
                <![CDATA["Optional[Register]"]]>
              </value>
            </param>
          </params>
          <reporter-output>
          </reporter-output>
        </test-method> <!-- runScenario -->
        <test-method signature="runScenario(io.cucumber.testng.PickleWrapper,io.cucumber.testng.FeatureWrapper)[pri:0, instance:com.runner.Runner@7a8c8dcf]" started-at="2023-01-18T10:33:05 EST" name="runScenario" description="Runs Cucumber Scenarios" data-provider="scenarios" finished-at="2023-01-18T10:33:07 EST" duration-ms="2111" status="PASS">
          <params>
            <param index="0">
              <value>
                <![CDATA["Register validation with invalid inputs/blank fields"]]>
              </value>
            </param>
            <param index="1">
              <value>
                <![CDATA["Optional[Register]"]]>
              </value>
            </param>
          </params>
          <reporter-output>
          </reporter-output>
        </test-method> <!-- runScenario -->
        <test-method signature="runScenario(io.cucumber.testng.PickleWrapper,io.cucumber.testng.FeatureWrapper)[pri:0, instance:com.runner.Runner@7a8c8dcf]" started-at="2023-01-18T10:33:07 EST" name="runScenario" description="Runs Cucumber Scenarios" data-provider="scenarios" finished-at="2023-01-18T10:33:09 EST" duration-ms="2006" status="PASS">
          <params>
            <param index="0">
              <value>
                <![CDATA["Register validation with invalid inputs/blank fields"]]>
              </value>
            </param>
            <param index="1">
              <value>
                <![CDATA["Optional[Register]"]]>
              </value>
            </param>
          </params>
          <reporter-output>
          </reporter-output>
        </test-method> <!-- runScenario -->
        <test-method signature="runScenario(io.cucumber.testng.PickleWrapper,io.cucumber.testng.FeatureWrapper)[pri:0, instance:com.runner.Runner@7a8c8dcf]" started-at="2023-01-18T10:33:09 EST" name="runScenario" description="Runs Cucumber Scenarios" data-provider="scenarios" finished-at="2023-01-18T10:33:11 EST" duration-ms="1972" status="PASS">
          <params>
            <param index="0">
              <value>
                <![CDATA["Register validation with invalid inputs/blank fields"]]>
              </value>
            </param>
            <param index="1">
              <value>
                <![CDATA["Optional[Register]"]]>
              </value>
            </param>
          </params>
          <reporter-output>
          </reporter-output>
        </test-method> <!-- runScenario -->
        <test-method signature="runScenario(io.cucumber.testng.PickleWrapper,io.cucumber.testng.FeatureWrapper)[pri:0, instance:com.runner.Runner@7a8c8dcf]" started-at="2023-01-18T10:33:11 EST" name="runScenario" description="Runs Cucumber Scenarios" data-provider="scenarios" finished-at="2023-01-18T10:33:13 EST" duration-ms="2322" status="PASS">
          <params>
            <param index="0">
              <value>
                <![CDATA["Register validation with invalid inputs/ password mismatch"]]>
              </value>
            </param>
            <param index="1">
              <value>
                <![CDATA["Optional[Register]"]]>
              </value>
            </param>
          </params>
          <reporter-output>
          </reporter-output>
        </test-method> <!-- runScenario -->
        <test-method signature="runScenario(io.cucumber.testng.PickleWrapper,io.cucumber.testng.FeatureWrapper)[pri:0, instance:com.runner.Runner@7a8c8dcf]" started-at="2023-01-18T10:33:13 EST" name="runScenario" description="Runs Cucumber Scenarios" data-provider="scenarios" finished-at="2023-01-18T10:33:16 EST" duration-ms="2714" status="FAIL">
          <params>
            <param index="0">
              <value>
                <![CDATA["Register validation with invalid inputs/ password format less than eight characters"]]>
              </value>
            </param>
            <param index="1">
              <value>
                <![CDATA["Optional[Register]"]]>
              </value>
            </param>
          </params>
          <exception class="java.lang.AssertionError">
            <message>
              <![CDATA[expected [password should contain atleast eight characters.] but found [password_mismatch:The two password fields didn’t match.]]]>
            </message>
            <full-stacktrace>
              <![CDATA[java.lang.AssertionError: expected [password should contain atleast eight characters.] but found [password_mismatch:The two password fields didn’t match.]
at org.testng.Assert.fail(Assert.java:110)
at org.testng.Assert.failNotEquals(Assert.java:1413)
at org.testng.Assert.assertEqualsImpl(Assert.java:149)
at org.testng.Assert.assertEquals(Assert.java:131)
at org.testng.Assert.assertEquals(Assert.java:655)
at org.testng.Assert.assertEquals(Assert.java:665)
at com.stepDefinations.RegisterStepDef.user_should_get_password_atleast_eight_char_error_message(RegisterStepDef.java:145)
at ✽.user should get password atleast eight char error message "password should contain atleast eight characters."(file:///C:/Users/valli/Git/DS-ALGO/src/test/resources/features/2register.feature:81)
]]>
            </full-stacktrace>
          </exception> <!-- java.lang.AssertionError -->
          <reporter-output>
          </reporter-output>
        </test-method> <!-- runScenario -->
        <test-method signature="runScenario(io.cucumber.testng.PickleWrapper,io.cucumber.testng.FeatureWrapper)[pri:0, instance:com.runner.Runner@7a8c8dcf]" started-at="2023-01-18T10:33:16 EST" name="runScenario" description="Runs Cucumber Scenarios" data-provider="scenarios" finished-at="2023-01-18T10:33:19 EST" duration-ms="2619" status="FAIL">
          <params>
            <param index="0">
              <value>
                <![CDATA["Register validation with invalid inputs/  password format all numeric"]]>
              </value>
            </param>
            <param index="1">
              <value>
                <![CDATA["Optional[Register]"]]>
              </value>
            </param>
          </params>
          <exception class="java.lang.AssertionError">
            <message>
              <![CDATA[expected [please enter valid password format] but found [password_mismatch:The two password fields didn’t match.]]]>
            </message>
            <full-stacktrace>
              <![CDATA[java.lang.AssertionError: expected [please enter valid password format] but found [password_mismatch:The two password fields didn’t match.]
at org.testng.Assert.fail(Assert.java:110)
at org.testng.Assert.failNotEquals(Assert.java:1413)
at org.testng.Assert.assertEqualsImpl(Assert.java:149)
at org.testng.Assert.assertEquals(Assert.java:131)
at org.testng.Assert.assertEquals(Assert.java:655)
at org.testng.Assert.assertEquals(Assert.java:665)
at com.stepDefinations.RegisterStepDef.user_should_get_enter_valid_input_error_message(RegisterStepDef.java:159)
at ✽.user should get enter valid input error message "please enter valid password format"(file:///C:/Users/valli/Git/DS-ALGO/src/test/resources/features/2register.feature:89)
]]>
            </full-stacktrace>
          </exception> <!-- java.lang.AssertionError -->
          <reporter-output>
          </reporter-output>
        </test-method> <!-- runScenario -->
        <test-method signature="runScenario(io.cucumber.testng.PickleWrapper,io.cucumber.testng.FeatureWrapper)[pri:0, instance:com.runner.Runner@7a8c8dcf]" started-at="2023-01-18T10:33:19 EST" name="runScenario" description="Runs Cucumber Scenarios" data-provider="scenarios" finished-at="2023-01-18T10:33:21 EST" duration-ms="2601" status="FAIL">
          <params>
            <param index="0">
              <value>
                <![CDATA["Register validation with invalid inputs/ similar fields"]]>
              </value>
            </param>
            <param index="1">
              <value>
                <![CDATA["Optional[Register]"]]>
              </value>
            </param>
          </params>
          <exception class="org.openqa.selenium.StaleElementReferenceException">
            <message>
              <![CDATA[stale element reference: element is not attached to the page document
  (Session info: chrome=109.0.5414.75)
For documentation on this error, please visit: https://selenium.dev/exceptions/#stale_element_reference
Build info: version: '4.7.1', revision: 'c6795baf1a3'
System info: os.name: 'Windows 11', os.arch: 'amd64', os.version: '10.0', java.version: '17.0.5'
Driver info: org.openqa.selenium.chrome.ChromeDriver
Command: [271b72d85708c9435cd51b6c95f0dd61, getElementText {id=fb993dc3-7ae7-478f-8f54-1ccecaf0b40a}]
Capabilities {acceptInsecureCerts: false, browserName: chrome, browserVersion: 109.0.5414.75, chrome: {chromedriverVersion: 109.0.5414.74 (e7c5703604da..., userDataDir: C:\Users\valli\AppData\Loca...}, goog:chromeOptions: {debuggerAddress: localhost:52413}, networkConnectionEnabled: false, pageLoadStrategy: normal, platformName: WINDOWS, proxy: Proxy(), se:cdp: ws://localhost:52413/devtoo..., se:cdpVersion: 109.0.5414.75, setWindowRect: true, strictFileInteractability: false, timeouts: {implicit: 0, pageLoad: 300000, script: 30000}, unhandledPromptBehavior: dismiss and notify, webauthn:extension:credBlob: true, webauthn:extension:largeBlob: true, webauthn:virtualAuthenticators: true}
Element: [[ChromeDriver: chrome on WINDOWS (271b72d85708c9435cd51b6c95f0dd61)] -> id: id_username]
Session ID: 271b72d85708c9435cd51b6c95f0dd61]]>
            </message>
            <full-stacktrace>
              <![CDATA[org.openqa.selenium.StaleElementReferenceException: stale element reference: element is not attached to the page document
  (Session info: chrome=109.0.5414.75)
For documentation on this error, please visit: https://selenium.dev/exceptions/#stale_element_reference
Build info: version: '4.7.1', revision: 'c6795baf1a3'
System info: os.name: 'Windows 11', os.arch: 'amd64', os.version: '10.0', java.version: '17.0.5'
Driver info: org.openqa.selenium.chrome.ChromeDriver
Command: [271b72d85708c9435cd51b6c95f0dd61, getElementText {id=fb993dc3-7ae7-478f-8f54-1ccecaf0b40a}]
Capabilities {acceptInsecureCerts: false, browserName: chrome, browserVersion: 109.0.5414.75, chrome: {chromedriverVersion: 109.0.5414.74 (e7c5703604da..., userDataDir: C:\Users\valli\AppData\Loca...}, goog:chromeOptions: {debuggerAddress: localhost:52413}, networkConnectionEnabled: false, pageLoadStrategy: normal, platformName: WINDOWS, proxy: Proxy(), se:cdp: ws://localhost:52413/devtoo..., se:cdpVersion: 109.0.5414.75, setWindowRect: true, strictFileInteractability: false, timeouts: {implicit: 0, pageLoad: 300000, script: 30000}, unhandledPromptBehavior: dismiss and notify, webauthn:extension:credBlob: true, webauthn:extension:largeBlob: true, webauthn:virtualAuthenticators: true}
Element: [[ChromeDriver: chrome on WINDOWS (271b72d85708c9435cd51b6c95f0dd61)] -> id: id_username]
Session ID: 271b72d85708c9435cd51b6c95f0dd61
at java.base/jdk.internal.reflect.NativeConstructorAccessorImpl.newInstance0(Native Method)
at java.base/jdk.internal.reflect.NativeConstructorAccessorImpl.newInstance(NativeConstructorAccessorImpl.java:77)
at java.base/jdk.internal.reflect.DelegatingConstructorAccessorImpl.newInstance(DelegatingConstructorAccessorImpl.java:45)
at java.base/java.lang.reflect.Constructor.newInstanceWithCaller(Constructor.java:499)
at java.base/java.lang.reflect.Constructor.newInstance(Constructor.java:480)
at org.openqa.selenium.remote.codec.w3c.W3CHttpResponseCodec.createException(W3CHttpResponseCodec.java:200)
at org.openqa.selenium.remote.codec.w3c.W3CHttpResponseCodec.decode(W3CHttpResponseCodec.java:133)
at org.openqa.selenium.remote.codec.w3c.W3CHttpResponseCodec.decode(W3CHttpResponseCodec.java:53)
at org.openqa.selenium.remote.HttpCommandExecutor.execute(HttpCommandExecutor.java:184)
at org.openqa.selenium.remote.service.DriverCommandExecutor.invokeExecute(DriverCommandExecutor.java:167)
at org.openqa.selenium.remote.service.DriverCommandExecutor.execute(DriverCommandExecutor.java:142)
at org.openqa.selenium.remote.RemoteWebDriver.execute(RemoteWebDriver.java:551)
at org.openqa.selenium.remote.RemoteWebElement.execute(RemoteWebElement.java:257)
at org.openqa.selenium.remote.RemoteWebElement.getText(RemoteWebElement.java:207)
at jdk.internal.reflect.GeneratedMethodAccessor116.invoke(Unknown Source)
at java.base/jdk.internal.reflect.DelegatingMethodAccessorImpl.invoke(DelegatingMethodAccessorImpl.java:43)
at java.base/java.lang.reflect.Method.invoke(Method.java:568)
at org.openqa.selenium.support.pagefactory.internal.LocatingElementHandler.invoke(LocatingElementHandler.java:52)
at jdk.proxy2/jdk.proxy2.$Proxy44.getText(Unknown Source)
at com.pageObjects.RegisterPage.validatecompare(RegisterPage.java:155)
at com.stepDefinations.RegisterStepDef.user_should_get_password_not_similar_to_username_error_message(RegisterStepDef.java:171)
at ✽.user should get password not similar to username error message "password can not be similar as username"(file:///C:/Users/valli/Git/DS-ALGO/src/test/resources/features/2register.feature:98)
]]>
            </full-stacktrace>
          </exception> <!-- org.openqa.selenium.StaleElementReferenceException -->
          <reporter-output>
          </reporter-output>
        </test-method> <!-- runScenario -->
        <test-method signature="runScenario(io.cucumber.testng.PickleWrapper,io.cucumber.testng.FeatureWrapper)[pri:0, instance:com.runner.Runner@7a8c8dcf]" started-at="2023-01-18T10:33:21 EST" name="runScenario" description="Runs Cucumber Scenarios" data-provider="scenarios" finished-at="2023-01-18T10:33:24 EST" duration-ms="2577" status="PASS">
          <params>
            <param index="0">
              <value>
                <![CDATA["signIn validation with valid inputs"]]>
              </value>
            </param>
            <param index="1">
              <value>
                <![CDATA["Optional[Login]"]]>
              </value>
            </param>
          </params>
          <reporter-output>
          </reporter-output>
        </test-method> <!-- runScenario -->
        <test-method signature="runScenario(io.cucumber.testng.PickleWrapper,io.cucumber.testng.FeatureWrapper)[pri:0, instance:com.runner.Runner@7a8c8dcf]" started-at="2023-01-18T10:33:24 EST" name="runScenario" description="Runs Cucumber Scenarios" data-provider="scenarios" finished-at="2023-01-18T10:33:27 EST" duration-ms="2600" status="PASS">
          <params>
            <param index="0">
              <value>
                <![CDATA["signIn validation with valid inputs"]]>
              </value>
            </param>
            <param index="1">
              <value>
                <![CDATA["Optional[Login]"]]>
              </value>
            </param>
          </params>
          <reporter-output>
          </reporter-output>
        </test-method> <!-- runScenario -->
        <test-method signature="runScenario(io.cucumber.testng.PickleWrapper,io.cucumber.testng.FeatureWrapper)[pri:0, instance:com.runner.Runner@7a8c8dcf]" started-at="2023-01-18T10:33:27 EST" name="runScenario" description="Runs Cucumber Scenarios" data-provider="scenarios" finished-at="2023-01-18T10:33:27 EST" duration-ms="842" status="PASS">
          <params>
            <param index="0">
              <value>
                <![CDATA["signIn validation with inValid inputs"]]>
              </value>
            </param>
            <param index="1">
              <value>
                <![CDATA["Optional[Login]"]]>
              </value>
            </param>
          </params>
          <reporter-output>
          </reporter-output>
        </test-method> <!-- runScenario -->
        <test-method signature="runScenario(io.cucumber.testng.PickleWrapper,io.cucumber.testng.FeatureWrapper)[pri:0, instance:com.runner.Runner@7a8c8dcf]" started-at="2023-01-18T10:33:27 EST" name="runScenario" description="Runs Cucumber Scenarios" data-provider="scenarios" finished-at="2023-01-18T10:33:28 EST" duration-ms="1023" status="PASS">
          <params>
            <param index="0">
              <value>
                <![CDATA["signIn validation with inValid inputs"]]>
              </value>
            </param>
            <param index="1">
              <value>
                <![CDATA["Optional[Login]"]]>
              </value>
            </param>
          </params>
          <reporter-output>
          </reporter-output>
        </test-method> <!-- runScenario -->
        <test-method signature="runScenario(io.cucumber.testng.PickleWrapper,io.cucumber.testng.FeatureWrapper)[pri:0, instance:com.runner.Runner@7a8c8dcf]" started-at="2023-01-18T10:33:28 EST" name="runScenario" description="Runs Cucumber Scenarios" data-provider="scenarios" finished-at="2023-01-18T10:33:30 EST" duration-ms="1364" status="PASS">
          <params>
            <param index="0">
              <value>
                <![CDATA["signIn validation with inValid inputs"]]>
              </value>
            </param>
            <param index="1">
              <value>
                <![CDATA["Optional[Login]"]]>
              </value>
            </param>
          </params>
          <reporter-output>
          </reporter-output>
        </test-method> <!-- runScenario -->
        <test-method signature="runScenario(io.cucumber.testng.PickleWrapper,io.cucumber.testng.FeatureWrapper)[pri:0, instance:com.runner.Runner@7a8c8dcf]" started-at="2023-01-18T10:33:30 EST" name="runScenario" description="Runs Cucumber Scenarios" data-provider="scenarios" finished-at="2023-01-18T10:33:38 EST" duration-ms="7805" status="PASS">
          <params>
            <param index="0">
              <value>
                <![CDATA[""]]>
              </value>
            </param>
            <param index="1">
              <value>
                <![CDATA["Optional[Data Structure Intro]"]]>
              </value>
            </param>
          </params>
          <reporter-output>
          </reporter-output>
        </test-method> <!-- runScenario -->
        <test-method signature="runScenario(io.cucumber.testng.PickleWrapper,io.cucumber.testng.FeatureWrapper)[pri:0, instance:com.runner.Runner@7a8c8dcf]" started-at="2023-01-18T10:33:38 EST" name="runScenario" description="Runs Cucumber Scenarios" data-provider="scenarios" finished-at="2023-01-18T10:33:43 EST" duration-ms="5067" status="PASS">
          <params>
            <param index="0">
              <value>
                <![CDATA["User validate Array Page"]]>
              </value>
            </param>
            <param index="1">
              <value>
                <![CDATA["Optional[Array]"]]>
              </value>
            </param>
          </params>
          <reporter-output>
          </reporter-output>
        </test-method> <!-- runScenario -->
        <test-method signature="runScenario(io.cucumber.testng.PickleWrapper,io.cucumber.testng.FeatureWrapper)[pri:0, instance:com.runner.Runner@7a8c8dcf]" started-at="2023-01-18T10:33:43 EST" name="runScenario" description="Runs Cucumber Scenarios" data-provider="scenarios" finished-at="2023-01-18T10:33:46 EST" duration-ms="3405" status="PASS">
          <params>
            <param index="0">
              <value>
                <![CDATA["User validate Arrays using list page"]]>
              </value>
            </param>
            <param index="1">
              <value>
                <![CDATA["Optional[Array]"]]>
              </value>
            </param>
          </params>
          <reporter-output>
          </reporter-output>
        </test-method> <!-- runScenario -->
        <test-method signature="runScenario(io.cucumber.testng.PickleWrapper,io.cucumber.testng.FeatureWrapper)[pri:0, instance:com.runner.Runner@7a8c8dcf]" started-at="2023-01-18T10:33:46 EST" name="runScenario" description="Runs Cucumber Scenarios" data-provider="scenarios" finished-at="2023-01-18T10:33:49 EST" duration-ms="3279" status="PASS">
          <params>
            <param index="0">
              <value>
                <![CDATA["User validate Basic Operations in list page"]]>
              </value>
            </param>
            <param index="1">
              <value>
                <![CDATA["Optional[Array]"]]>
              </value>
            </param>
          </params>
          <reporter-output>
          </reporter-output>
        </test-method> <!-- runScenario -->
        <test-method signature="runScenario(io.cucumber.testng.PickleWrapper,io.cucumber.testng.FeatureWrapper)[pri:0, instance:com.runner.Runner@7a8c8dcf]" started-at="2023-01-18T10:33:49 EST" name="runScenario" description="Runs Cucumber Scenarios" data-provider="scenarios" finished-at="2023-01-18T10:33:53 EST" duration-ms="3583" status="PASS">
          <params>
            <param index="0">
              <value>
                <![CDATA["User validate Applications of Array page"]]>
              </value>
            </param>
            <param index="1">
              <value>
                <![CDATA["Optional[Array]"]]>
              </value>
            </param>
          </params>
          <reporter-output>
          </reporter-output>
        </test-method> <!-- runScenario -->
        <test-method signature="runScenario(io.cucumber.testng.PickleWrapper,io.cucumber.testng.FeatureWrapper)[pri:0, instance:com.runner.Runner@7a8c8dcf]" started-at="2023-01-18T10:33:53 EST" name="runScenario" description="Runs Cucumber Scenarios" data-provider="scenarios" finished-at="2023-01-18T10:33:57 EST" duration-ms="3898" status="PASS">
          <params>
            <param index="0">
              <value>
                <![CDATA["User validate Search the array page"]]>
              </value>
            </param>
            <param index="1">
              <value>
                <![CDATA["Optional[Array]"]]>
              </value>
            </param>
          </params>
          <reporter-output>
          </reporter-output>
        </test-method> <!-- runScenario -->
        <test-method signature="runScenario(io.cucumber.testng.PickleWrapper,io.cucumber.testng.FeatureWrapper)[pri:0, instance:com.runner.Runner@7a8c8dcf]" started-at="2023-01-18T10:33:57 EST" name="runScenario" description="Runs Cucumber Scenarios" data-provider="scenarios" finished-at="2023-01-18T10:34:00 EST" duration-ms="3003" status="PASS">
          <params>
            <param index="0">
              <value>
                <![CDATA["User validate Max Consecutive Ones page"]]>
              </value>
            </param>
            <param index="1">
              <value>
                <![CDATA["Optional[Array]"]]>
              </value>
            </param>
          </params>
          <reporter-output>
          </reporter-output>
        </test-method> <!-- runScenario -->
        <test-method signature="runScenario(io.cucumber.testng.PickleWrapper,io.cucumber.testng.FeatureWrapper)[pri:0, instance:com.runner.Runner@7a8c8dcf]" started-at="2023-01-18T10:34:00 EST" name="runScenario" description="Runs Cucumber Scenarios" data-provider="scenarios" finished-at="2023-01-18T10:34:02 EST" duration-ms="2631" status="PASS">
          <params>
            <param index="0">
              <value>
                <![CDATA["User validate Even Number page"]]>
              </value>
            </param>
            <param index="1">
              <value>
                <![CDATA["Optional[Array]"]]>
              </value>
            </param>
          </params>
          <reporter-output>
          </reporter-output>
        </test-method> <!-- runScenario -->
        <test-method signature="runScenario(io.cucumber.testng.PickleWrapper,io.cucumber.testng.FeatureWrapper)[pri:0, instance:com.runner.Runner@7a8c8dcf]" started-at="2023-01-18T10:34:02 EST" name="runScenario" description="Runs Cucumber Scenarios" data-provider="scenarios" finished-at="2023-01-18T10:34:05 EST" duration-ms="2761" status="PASS">
          <params>
            <param index="0">
              <value>
                <![CDATA["User validate Sorted Array page"]]>
              </value>
            </param>
            <param index="1">
              <value>
                <![CDATA["Optional[Array]"]]>
              </value>
            </param>
          </params>
          <reporter-output>
          </reporter-output>
        </test-method> <!-- runScenario -->
        <test-method signature="runScenario(io.cucumber.testng.PickleWrapper,io.cucumber.testng.FeatureWrapper)[pri:0, instance:com.runner.Runner@7a8c8dcf]" started-at="2023-01-18T10:34:05 EST" name="runScenario" description="Runs Cucumber Scenarios" data-provider="scenarios" finished-at="2023-01-18T10:34:09 EST" duration-ms="3325" status="FAIL">
          <params>
            <param index="0">
              <value>
                <![CDATA["The user is able to submit code in tryEditor for Search the array link"]]>
              </value>
            </param>
            <param index="1">
              <value>
                <![CDATA["Optional[Array]"]]>
              </value>
            </param>
          </params>
          <exception class="org.openqa.selenium.ElementNotInteractableException">
            <message>
              <![CDATA[element not interactable
  (Session info: chrome=109.0.5414.75)
Build info: version: '4.7.1', revision: 'c6795baf1a3'
System info: os.name: 'Windows 11', os.arch: 'amd64', os.version: '10.0', java.version: '17.0.5'
Driver info: org.openqa.selenium.chrome.ChromeDriver
Command: [271b72d85708c9435cd51b6c95f0dd61, sendKeysToElement {id=09daeb62-c086-4211-b424-125103c2cc12, value=[Ljava.lang.CharSequence;@7b6824db}]
Capabilities {acceptInsecureCerts: false, browserName: chrome, browserVersion: 109.0.5414.75, chrome: {chromedriverVersion: 109.0.5414.74 (e7c5703604da..., userDataDir: C:\Users\valli\AppData\Loca...}, goog:chromeOptions: {debuggerAddress: localhost:52413}, networkConnectionEnabled: false, pageLoadStrategy: normal, platformName: WINDOWS, proxy: Proxy(), se:cdp: ws://localhost:52413/devtoo..., se:cdpVersion: 109.0.5414.75, setWindowRect: true, strictFileInteractability: false, timeouts: {implicit: 0, pageLoad: 300000, script: 30000}, unhandledPromptBehavior: dismiss and notify, webauthn:extension:credBlob: true, webauthn:extension:largeBlob: true, webauthn:virtualAuthenticators: true}
Element: [[ChromeDriver: chrome on WINDOWS (271b72d85708c9435cd51b6c95f0dd61)] -> xpath: //textarea[@tabindex='0']]
Session ID: 271b72d85708c9435cd51b6c95f0dd61]]>
            </message>
            <full-stacktrace>
              <![CDATA[org.openqa.selenium.ElementNotInteractableException: element not interactable
  (Session info: chrome=109.0.5414.75)
Build info: version: '4.7.1', revision: 'c6795baf1a3'
System info: os.name: 'Windows 11', os.arch: 'amd64', os.version: '10.0', java.version: '17.0.5'
Driver info: org.openqa.selenium.chrome.ChromeDriver
Command: [271b72d85708c9435cd51b6c95f0dd61, sendKeysToElement {id=09daeb62-c086-4211-b424-125103c2cc12, value=[Ljava.lang.CharSequence;@7b6824db}]
Capabilities {acceptInsecureCerts: false, browserName: chrome, browserVersion: 109.0.5414.75, chrome: {chromedriverVersion: 109.0.5414.74 (e7c5703604da..., userDataDir: C:\Users\valli\AppData\Loca...}, goog:chromeOptions: {debuggerAddress: localhost:52413}, networkConnectionEnabled: false, pageLoadStrategy: normal, platformName: WINDOWS, proxy: Proxy(), se:cdp: ws://localhost:52413/devtoo..., se:cdpVersion: 109.0.5414.75, setWindowRect: true, strictFileInteractability: false, timeouts: {implicit: 0, pageLoad: 300000, script: 30000}, unhandledPromptBehavior: dismiss and notify, webauthn:extension:credBlob: true, webauthn:extension:largeBlob: true, webauthn:virtualAuthenticators: true}
Element: [[ChromeDriver: chrome on WINDOWS (271b72d85708c9435cd51b6c95f0dd61)] -> xpath: //textarea[@tabindex='0']]
Session ID: 271b72d85708c9435cd51b6c95f0dd61
at java.base/jdk.internal.reflect.NativeConstructorAccessorImpl.newInstance0(Native Method)
at java.base/jdk.internal.reflect.NativeConstructorAccessorImpl.newInstance(NativeConstructorAccessorImpl.java:77)
at java.base/jdk.internal.reflect.DelegatingConstructorAccessorImpl.newInstance(DelegatingConstructorAccessorImpl.java:45)
at java.base/java.lang.reflect.Constructor.newInstanceWithCaller(Constructor.java:499)
at java.base/java.lang.reflect.Constructor.newInstance(Constructor.java:480)
at org.openqa.selenium.remote.codec.w3c.W3CHttpResponseCodec.createException(W3CHttpResponseCodec.java:200)
at org.openqa.selenium.remote.codec.w3c.W3CHttpResponseCodec.decode(W3CHttpResponseCodec.java:133)
at org.openqa.selenium.remote.codec.w3c.W3CHttpResponseCodec.decode(W3CHttpResponseCodec.java:53)
at org.openqa.selenium.remote.HttpCommandExecutor.execute(HttpCommandExecutor.java:184)
at org.openqa.selenium.remote.service.DriverCommandExecutor.invokeExecute(DriverCommandExecutor.java:167)
at org.openqa.selenium.remote.service.DriverCommandExecutor.execute(DriverCommandExecutor.java:142)
at org.openqa.selenium.remote.RemoteWebDriver.execute(RemoteWebDriver.java:551)
at org.openqa.selenium.remote.RemoteWebElement.execute(RemoteWebElement.java:257)
at org.openqa.selenium.remote.RemoteWebElement.sendKeys(RemoteWebElement.java:113)
at jdk.internal.reflect.GeneratedMethodAccessor164.invoke(Unknown Source)
at java.base/jdk.internal.reflect.DelegatingMethodAccessorImpl.invoke(DelegatingMethodAccessorImpl.java:43)
at java.base/java.lang.reflect.Method.invoke(Method.java:568)
at org.openqa.selenium.support.pagefactory.internal.LocatingElementHandler.invoke(LocatingElementHandler.java:52)
at jdk.proxy2/jdk.proxy2.$Proxy44.sendKeys(Unknown Source)
at com.utils.Utils.enterCodePractice(Utils.java:131)
at com.pageObjects.ArraysPage.enterCodePractice(ArraysPage.java:141)
at com.stepDefinations.ArraysStepDef.the_user_enter_valid_python_code_in_try_editor_from_sheet_and_for_the_question(ArraysStepDef.java:185)
at ✽.The user enter valid python code in tryEditor from sheet "pythonCode" and 3 for the question(file:///C:/Users/valli/Git/DS-ALGO/src/test/resources/features/5arrays.feature:108)
]]>
            </full-stacktrace>
          </exception> <!-- org.openqa.selenium.ElementNotInteractableException -->
          <reporter-output>
          </reporter-output>
        </test-method> <!-- runScenario -->
        <test-method signature="runScenario(io.cucumber.testng.PickleWrapper,io.cucumber.testng.FeatureWrapper)[pri:0, instance:com.runner.Runner@7a8c8dcf]" started-at="2023-01-18T10:34:09 EST" name="runScenario" description="Runs Cucumber Scenarios" data-provider="scenarios" finished-at="2023-01-18T10:34:11 EST" duration-ms="2839" status="PASS">
          <params>
            <param index="0">
              <value>
                <![CDATA["User validate Max Consecutive Ones page"]]>
              </value>
            </param>
            <param index="1">
              <value>
                <![CDATA["Optional[Array]"]]>
              </value>
            </param>
          </params>
          <reporter-output>
          </reporter-output>
        </test-method> <!-- runScenario -->
        <test-method signature="runScenario(io.cucumber.testng.PickleWrapper,io.cucumber.testng.FeatureWrapper)[pri:0, instance:com.runner.Runner@7a8c8dcf]" started-at="2023-01-18T10:34:11 EST" name="runScenario" description="Runs Cucumber Scenarios" data-provider="scenarios" finished-at="2023-01-18T10:34:14 EST" duration-ms="3072" status="FAIL">
          <params>
            <param index="0">
              <value>
                <![CDATA["The user is able to submit code in tryEditor for Max Consecutive Ones"]]>
              </value>
            </param>
            <param index="1">
              <value>
                <![CDATA["Optional[Array]"]]>
              </value>
            </param>
          </params>
          <exception class="java.lang.AssertionError">
            <message>
              <![CDATA[Result do not match expected [submission success] but found [ Some Tests failed. Please review code]]]>
            </message>
            <full-stacktrace>
              <![CDATA[java.lang.AssertionError: Result do not match expected [submission success] but found [ Some Tests failed. Please review code]
at org.testng.Assert.fail(Assert.java:110)
at org.testng.Assert.failNotEquals(Assert.java:1413)
at org.testng.Assert.assertEqualsImpl(Assert.java:149)
at org.testng.Assert.assertEquals(Assert.java:131)
at org.testng.Assert.assertEquals(Assert.java:655)
at com.stepDefinations.ArraysStepDef.the_user_should_be_presented_with_successful_submission_message(ArraysStepDef.java:133)
at ✽.The user should be presented with successful submission message(file:///C:/Users/valli/Git/DS-ALGO/src/test/resources/features/5arrays.feature:130)
]]>
            </full-stacktrace>
          </exception> <!-- java.lang.AssertionError -->
          <reporter-output>
          </reporter-output>
        </test-method> <!-- runScenario -->
        <test-method signature="runScenario(io.cucumber.testng.PickleWrapper,io.cucumber.testng.FeatureWrapper)[pri:0, instance:com.runner.Runner@7a8c8dcf]" started-at="2023-01-18T10:34:14 EST" name="runScenario" description="Runs Cucumber Scenarios" data-provider="scenarios" finished-at="2023-01-18T10:34:17 EST" duration-ms="2835" status="PASS">
          <params>
            <param index="0">
              <value>
                <![CDATA["User validate Even Number page"]]>
              </value>
            </param>
            <param index="1">
              <value>
                <![CDATA["Optional[Array]"]]>
              </value>
            </param>
          </params>
          <reporter-output>
          </reporter-output>
        </test-method> <!-- runScenario -->
        <test-method signature="runScenario(io.cucumber.testng.PickleWrapper,io.cucumber.testng.FeatureWrapper)[pri:0, instance:com.runner.Runner@7a8c8dcf]" started-at="2023-01-18T10:34:17 EST" name="runScenario" description="Runs Cucumber Scenarios" data-provider="scenarios" finished-at="2023-01-18T10:34:20 EST" duration-ms="2704" status="FAIL">
          <params>
            <param index="0">
              <value>
                <![CDATA["The user is able to submit code in tryEditor for Find Numbers with Even Number of Digits"]]>
              </value>
            </param>
            <param index="1">
              <value>
                <![CDATA["Optional[Array]"]]>
              </value>
            </param>
          </params>
          <exception class="java.lang.AssertionError">
            <message>
              <![CDATA[Result do not match expected [submission success] but found [Error occurred during submission]]]>
            </message>
            <full-stacktrace>
              <![CDATA[java.lang.AssertionError: Result do not match expected [submission success] but found [Error occurred during submission]
at org.testng.Assert.fail(Assert.java:110)
at org.testng.Assert.failNotEquals(Assert.java:1413)
at org.testng.Assert.assertEqualsImpl(Assert.java:149)
at org.testng.Assert.assertEquals(Assert.java:131)
at org.testng.Assert.assertEquals(Assert.java:655)
at com.stepDefinations.ArraysStepDef.the_user_should_be_presented_with_successful_submission_message(ArraysStepDef.java:133)
at ✽.The user should be presented with successful submission message(file:///C:/Users/valli/Git/DS-ALGO/src/test/resources/features/5arrays.feature:150)
]]>
            </full-stacktrace>
          </exception> <!-- java.lang.AssertionError -->
          <reporter-output>
          </reporter-output>
        </test-method> <!-- runScenario -->
        <test-method signature="runScenario(io.cucumber.testng.PickleWrapper,io.cucumber.testng.FeatureWrapper)[pri:0, instance:com.runner.Runner@7a8c8dcf]" started-at="2023-01-18T10:34:20 EST" name="runScenario" description="Runs Cucumber Scenarios" data-provider="scenarios" finished-at="2023-01-18T10:34:23 EST" duration-ms="3015" status="PASS">
          <params>
            <param index="0">
              <value>
                <![CDATA["User validate Sorted Array page"]]>
              </value>
            </param>
            <param index="1">
              <value>
                <![CDATA["Optional[Array]"]]>
              </value>
            </param>
          </params>
          <reporter-output>
          </reporter-output>
        </test-method> <!-- runScenario -->
        <test-method signature="runScenario(io.cucumber.testng.PickleWrapper,io.cucumber.testng.FeatureWrapper)[pri:0, instance:com.runner.Runner@7a8c8dcf]" started-at="2023-01-18T10:34:23 EST" name="runScenario" description="Runs Cucumber Scenarios" data-provider="scenarios" finished-at="2023-01-18T10:34:26 EST" duration-ms="2745" status="FAIL">
          <params>
            <param index="0">
              <value>
                <![CDATA["The user is able to submit code in tryEditor for Squares of a Sorted Array"]]>
              </value>
            </param>
            <param index="1">
              <value>
                <![CDATA["Optional[Array]"]]>
              </value>
            </param>
          </params>
          <exception class="java.lang.AssertionError">
            <message>
              <![CDATA[Result do not match expected [submission success] but found [ No tests were collected]]]>
            </message>
            <full-stacktrace>
              <![CDATA[java.lang.AssertionError: Result do not match expected [submission success] but found [ No tests were collected]
at org.testng.Assert.fail(Assert.java:110)
at org.testng.Assert.failNotEquals(Assert.java:1413)
at org.testng.Assert.assertEqualsImpl(Assert.java:149)
at org.testng.Assert.assertEquals(Assert.java:131)
at org.testng.Assert.assertEquals(Assert.java:655)
at com.stepDefinations.ArraysStepDef.the_user_should_be_presented_with_successful_submission_message(ArraysStepDef.java:133)
at ✽.The user should be presented with successful submission message(file:///C:/Users/valli/Git/DS-ALGO/src/test/resources/features/5arrays.feature:170)
]]>
            </full-stacktrace>
          </exception> <!-- java.lang.AssertionError -->
          <reporter-output>
          </reporter-output>
        </test-method> <!-- runScenario -->
        <test-method signature="runScenario(io.cucumber.testng.PickleWrapper,io.cucumber.testng.FeatureWrapper)[pri:0, instance:com.runner.Runner@7a8c8dcf]" started-at="2023-01-18T10:34:26 EST" name="runScenario" description="Runs Cucumber Scenarios" data-provider="scenarios" finished-at="2023-01-18T10:34:27 EST" duration-ms="881" status="PASS">
          <params>
            <param index="0">
              <value>
                <![CDATA["The user is presented with error message for code with invalid syntax in tryEditor for Arrays in Python page"]]>
              </value>
            </param>
            <param index="1">
              <value>
                <![CDATA["Optional[Array]"]]>
              </value>
            </param>
          </params>
          <reporter-output>
          </reporter-output>
        </test-method> <!-- runScenario -->
        <test-method signature="runScenario(io.cucumber.testng.PickleWrapper,io.cucumber.testng.FeatureWrapper)[pri:0, instance:com.runner.Runner@7a8c8dcf]" started-at="2023-01-18T10:34:27 EST" name="runScenario" description="Runs Cucumber Scenarios" data-provider="scenarios" finished-at="2023-01-18T10:34:27 EST" duration-ms="687" status="PASS">
          <params>
            <param index="0">
              <value>
                <![CDATA["The user is presented with error message for code with invalid syntax in tryEditor for Search the array link"]]>
              </value>
            </param>
            <param index="1">
              <value>
                <![CDATA["Optional[Array]"]]>
              </value>
            </param>
          </params>
          <reporter-output>
          </reporter-output>
        </test-method> <!-- runScenario -->
        <test-method signature="runScenario(io.cucumber.testng.PickleWrapper,io.cucumber.testng.FeatureWrapper)[pri:0, instance:com.runner.Runner@7a8c8dcf]" started-at="2023-01-18T10:34:27 EST" name="runScenario" description="Runs Cucumber Scenarios" data-provider="scenarios" finished-at="2023-01-18T10:34:28 EST" duration-ms="758" status="PASS">
          <params>
            <param index="0">
              <value>
                <![CDATA["The user is presented with error message for invalid code in tryEditor for Max Consecutive Ones"]]>
              </value>
            </param>
            <param index="1">
              <value>
                <![CDATA["Optional[Array]"]]>
              </value>
            </param>
          </params>
          <reporter-output>
          </reporter-output>
        </test-method> <!-- runScenario -->
        <test-method signature="runScenario(io.cucumber.testng.PickleWrapper,io.cucumber.testng.FeatureWrapper)[pri:0, instance:com.runner.Runner@7a8c8dcf]" started-at="2023-01-18T10:34:28 EST" name="runScenario" description="Runs Cucumber Scenarios" data-provider="scenarios" finished-at="2023-01-18T10:34:29 EST" duration-ms="639" status="PASS">
          <params>
            <param index="0">
              <value>
                <![CDATA["The user is presented with error message for code with invalid syntax in tryEditor for Find Numbers with Even Number of Digits"]]>
              </value>
            </param>
            <param index="1">
              <value>
                <![CDATA["Optional[Array]"]]>
              </value>
            </param>
          </params>
          <reporter-output>
          </reporter-output>
        </test-method> <!-- runScenario -->
        <test-method signature="runScenario(io.cucumber.testng.PickleWrapper,io.cucumber.testng.FeatureWrapper)[pri:0, instance:com.runner.Runner@7a8c8dcf]" started-at="2023-01-18T10:34:29 EST" name="runScenario" description="Runs Cucumber Scenarios" data-provider="scenarios" finished-at="2023-01-18T10:34:30 EST" duration-ms="819" status="PASS">
          <params>
            <param index="0">
              <value>
                <![CDATA["The user is presented with error message for code with invalid syntax in tryEditor for Squares of a Sorted Array"]]>
              </value>
            </param>
            <param index="1">
              <value>
                <![CDATA["Optional[Array]"]]>
              </value>
            </param>
          </params>
          <reporter-output>
          </reporter-output>
        </test-method> <!-- runScenario -->
        <test-method signature="runScenario(io.cucumber.testng.PickleWrapper,io.cucumber.testng.FeatureWrapper)[pri:0, instance:com.runner.Runner@7a8c8dcf]" started-at="2023-01-18T10:34:30 EST" name="runScenario" description="Runs Cucumber Scenarios" data-provider="scenarios" finished-at="2023-01-18T10:34:33 EST" duration-ms="3875" status="PASS">
          <params>
            <param index="0">
              <value>
                <![CDATA["validating Linked List introduction page"]]>
              </value>
            </param>
            <param index="1">
              <value>
                <![CDATA["Optional[LinkedList]"]]>
              </value>
            </param>
          </params>
          <reporter-output>
          </reporter-output>
        </test-method> <!-- runScenario -->
        <test-method signature="runScenario(io.cucumber.testng.PickleWrapper,io.cucumber.testng.FeatureWrapper)[pri:0, instance:com.runner.Runner@7a8c8dcf]" started-at="2023-01-18T10:34:33 EST" name="runScenario" description="Runs Cucumber Scenarios" data-provider="scenarios" finished-at="2023-01-18T10:34:37 EST" duration-ms="3408" status="PASS">
          <params>
            <param index="0">
              <value>
                <![CDATA["User validate Creating Linked List page"]]>
              </value>
            </param>
            <param index="1">
              <value>
                <![CDATA["Optional[LinkedList]"]]>
              </value>
            </param>
          </params>
          <reporter-output>
          </reporter-output>
        </test-method> <!-- runScenario -->
        <test-method signature="runScenario(io.cucumber.testng.PickleWrapper,io.cucumber.testng.FeatureWrapper)[pri:0, instance:com.runner.Runner@7a8c8dcf]" started-at="2023-01-18T10:34:37 EST" name="runScenario" description="Runs Cucumber Scenarios" data-provider="scenarios" finished-at="2023-01-18T10:34:40 EST" duration-ms="3528" status="PASS">
          <params>
            <param index="0">
              <value>
                <![CDATA["User validate Types of Linked List page"]]>
              </value>
            </param>
            <param index="1">
              <value>
                <![CDATA["Optional[LinkedList]"]]>
              </value>
            </param>
          </params>
          <reporter-output>
          </reporter-output>
        </test-method> <!-- runScenario -->
        <test-method signature="runScenario(io.cucumber.testng.PickleWrapper,io.cucumber.testng.FeatureWrapper)[pri:0, instance:com.runner.Runner@7a8c8dcf]" started-at="2023-01-18T10:34:40 EST" name="runScenario" description="Runs Cucumber Scenarios" data-provider="scenarios" finished-at="2023-01-18T10:34:44 EST" duration-ms="3390" status="PASS">
          <params>
            <param index="0">
              <value>
                <![CDATA["User validate Implement Linked List in Python page"]]>
              </value>
            </param>
            <param index="1">
              <value>
                <![CDATA["Optional[LinkedList]"]]>
              </value>
            </param>
          </params>
          <reporter-output>
          </reporter-output>
        </test-method> <!-- runScenario -->
        <test-method signature="runScenario(io.cucumber.testng.PickleWrapper,io.cucumber.testng.FeatureWrapper)[pri:0, instance:com.runner.Runner@7a8c8dcf]" started-at="2023-01-18T10:34:44 EST" name="runScenario" description="Runs Cucumber Scenarios" data-provider="scenarios" finished-at="2023-01-18T10:34:47 EST" duration-ms="3291" status="PASS">
          <params>
            <param index="0">
              <value>
                <![CDATA["User validate Traversal page"]]>
              </value>
            </param>
            <param index="1">
              <value>
                <![CDATA["Optional[LinkedList]"]]>
              </value>
            </param>
          </params>
          <reporter-output>
          </reporter-output>
        </test-method> <!-- runScenario -->
        <test-method signature="runScenario(io.cucumber.testng.PickleWrapper,io.cucumber.testng.FeatureWrapper)[pri:0, instance:com.runner.Runner@7a8c8dcf]" started-at="2023-01-18T10:34:47 EST" name="runScenario" description="Runs Cucumber Scenarios" data-provider="scenarios" finished-at="2023-01-18T10:34:50 EST" duration-ms="3358" status="PASS">
          <params>
            <param index="0">
              <value>
                <![CDATA["User validate Insertion page"]]>
              </value>
            </param>
            <param index="1">
              <value>
                <![CDATA["Optional[LinkedList]"]]>
              </value>
            </param>
          </params>
          <reporter-output>
          </reporter-output>
        </test-method> <!-- runScenario -->
        <test-method signature="runScenario(io.cucumber.testng.PickleWrapper,io.cucumber.testng.FeatureWrapper)[pri:0, instance:com.runner.Runner@7a8c8dcf]" started-at="2023-01-18T10:34:50 EST" name="runScenario" description="Runs Cucumber Scenarios" data-provider="scenarios" finished-at="2023-01-18T10:34:54 EST" duration-ms="3409" status="PASS">
          <params>
            <param index="0">
              <value>
                <![CDATA["User validate Deletion page"]]>
              </value>
            </param>
            <param index="1">
              <value>
                <![CDATA["Optional[LinkedList]"]]>
              </value>
            </param>
          </params>
          <reporter-output>
          </reporter-output>
        </test-method> <!-- runScenario -->
        <test-method signature="runScenario(io.cucumber.testng.PickleWrapper,io.cucumber.testng.FeatureWrapper)[pri:0, instance:com.runner.Runner@7a8c8dcf]" started-at="2023-01-18T10:34:54 EST" name="runScenario" description="Runs Cucumber Scenarios" data-provider="scenarios" finished-at="2023-01-18T10:34:58 EST" duration-ms="3683" status="PASS">
          <params>
            <param index="0">
              <value>
                <![CDATA["validating Stack operationsInStack  page"]]>
              </value>
            </param>
            <param index="1">
              <value>
                <![CDATA["Optional[Stack]"]]>
              </value>
            </param>
          </params>
          <reporter-output>
          </reporter-output>
        </test-method> <!-- runScenario -->
        <test-method signature="runScenario(io.cucumber.testng.PickleWrapper,io.cucumber.testng.FeatureWrapper)[pri:0, instance:com.runner.Runner@7a8c8dcf]" started-at="2023-01-18T10:34:58 EST" name="runScenario" description="Runs Cucumber Scenarios" data-provider="scenarios" finished-at="2023-01-18T10:35:01 EST" duration-ms="3270" status="PASS">
          <params>
            <param index="0">
              <value>
                <![CDATA["User validate Implemention page"]]>
              </value>
            </param>
            <param index="1">
              <value>
                <![CDATA["Optional[Stack]"]]>
              </value>
            </param>
          </params>
          <reporter-output>
          </reporter-output>
        </test-method> <!-- runScenario -->
        <test-method signature="runScenario(io.cucumber.testng.PickleWrapper,io.cucumber.testng.FeatureWrapper)[pri:0, instance:com.runner.Runner@7a8c8dcf]" started-at="2023-01-18T10:35:01 EST" name="runScenario" description="Runs Cucumber Scenarios" data-provider="scenarios" finished-at="2023-01-18T10:35:04 EST" duration-ms="3387" status="PASS">
          <params>
            <param index="0">
              <value>
                <![CDATA["User validate Creating Applications page"]]>
              </value>
            </param>
            <param index="1">
              <value>
                <![CDATA["Optional[Stack]"]]>
              </value>
            </param>
          </params>
          <reporter-output>
          </reporter-output>
        </test-method> <!-- runScenario -->
        <test-method signature="runScenario(io.cucumber.testng.PickleWrapper,io.cucumber.testng.FeatureWrapper)[pri:0, instance:com.runner.Runner@7a8c8dcf]" started-at="2023-01-18T10:35:04 EST" name="runScenario" description="Runs Cucumber Scenarios" data-provider="scenarios" finished-at="2023-01-18T10:35:07 EST" duration-ms="3203" status="PASS">
          <params>
            <param index="0">
              <value>
                <![CDATA["The user is able to get the error message for invalid syntax for Operations in Stack page"]]>
              </value>
            </param>
            <param index="1">
              <value>
                <![CDATA["Optional[Stack]"]]>
              </value>
            </param>
          </params>
          <reporter-output>
          </reporter-output>
        </test-method> <!-- runScenario -->
        <test-method signature="runScenario(io.cucumber.testng.PickleWrapper,io.cucumber.testng.FeatureWrapper)[pri:0, instance:com.runner.Runner@7a8c8dcf]" started-at="2023-01-18T10:35:07 EST" name="runScenario" description="Runs Cucumber Scenarios" data-provider="scenarios" finished-at="2023-01-18T10:35:11 EST" duration-ms="3412" status="PASS">
          <params>
            <param index="0">
              <value>
                <![CDATA["The user is able to get the error message for invalid syntax for implementation page"]]>
              </value>
            </param>
            <param index="1">
              <value>
                <![CDATA["Optional[Stack]"]]>
              </value>
            </param>
          </params>
          <reporter-output>
          </reporter-output>
        </test-method> <!-- runScenario -->
        <test-method signature="runScenario(io.cucumber.testng.PickleWrapper,io.cucumber.testng.FeatureWrapper)[pri:0, instance:com.runner.Runner@7a8c8dcf]" started-at="2023-01-18T10:35:11 EST" name="runScenario" description="Runs Cucumber Scenarios" data-provider="scenarios" finished-at="2023-01-18T10:35:15 EST" duration-ms="3768" status="PASS">
          <params>
            <param index="0">
              <value>
                <![CDATA["Validate overview of trees link"]]>
              </value>
            </param>
            <param index="1">
              <value>
                <![CDATA["Optional[Tree]"]]>
              </value>
            </param>
          </params>
          <reporter-output>
          </reporter-output>
        </test-method> <!-- runScenario -->
        <test-method signature="runScenario(io.cucumber.testng.PickleWrapper,io.cucumber.testng.FeatureWrapper)[pri:0, instance:com.runner.Runner@7a8c8dcf]" started-at="2023-01-18T10:35:15 EST" name="runScenario" description="Runs Cucumber Scenarios" data-provider="scenarios" finished-at="2023-01-18T10:35:18 EST" duration-ms="3463" status="PASS">
          <params>
            <param index="0">
              <value>
                <![CDATA["Validate Terminologies link"]]>
              </value>
            </param>
            <param index="1">
              <value>
                <![CDATA["Optional[Tree]"]]>
              </value>
            </param>
          </params>
          <reporter-output>
          </reporter-output>
        </test-method> <!-- runScenario -->
        <test-method signature="runScenario(io.cucumber.testng.PickleWrapper,io.cucumber.testng.FeatureWrapper)[pri:0, instance:com.runner.Runner@7a8c8dcf]" started-at="2023-01-18T10:35:18 EST" name="runScenario" description="Runs Cucumber Scenarios" data-provider="scenarios" finished-at="2023-01-18T10:35:21 EST" duration-ms="3316" status="PASS">
          <params>
            <param index="0">
              <value>
                <![CDATA["Validate Types of Trees link"]]>
              </value>
            </param>
            <param index="1">
              <value>
                <![CDATA["Optional[Tree]"]]>
              </value>
            </param>
          </params>
          <reporter-output>
          </reporter-output>
        </test-method> <!-- runScenario -->
        <test-method signature="runScenario(io.cucumber.testng.PickleWrapper,io.cucumber.testng.FeatureWrapper)[pri:0, instance:com.runner.Runner@7a8c8dcf]" started-at="2023-01-18T10:35:21 EST" name="runScenario" description="Runs Cucumber Scenarios" data-provider="scenarios" finished-at="2023-01-18T10:35:25 EST" duration-ms="3508" status="PASS">
          <params>
            <param index="0">
              <value>
                <![CDATA["Validate Tree Traversals link"]]>
              </value>
            </param>
            <param index="1">
              <value>
                <![CDATA["Optional[Tree]"]]>
              </value>
            </param>
          </params>
          <reporter-output>
          </reporter-output>
        </test-method> <!-- runScenario -->
        <test-method signature="runScenario(io.cucumber.testng.PickleWrapper,io.cucumber.testng.FeatureWrapper)[pri:0, instance:com.runner.Runner@7a8c8dcf]" started-at="2023-01-18T10:35:25 EST" name="runScenario" description="Runs Cucumber Scenarios" data-provider="scenarios" finished-at="2023-01-18T10:35:28 EST" duration-ms="3426" status="PASS">
          <params>
            <param index="0">
              <value>
                <![CDATA["Validate Traversals-Illustration link"]]>
              </value>
            </param>
            <param index="1">
              <value>
                <![CDATA["Optional[Tree]"]]>
              </value>
            </param>
          </params>
          <reporter-output>
          </reporter-output>
        </test-method> <!-- runScenario -->
        <test-method signature="runScenario(io.cucumber.testng.PickleWrapper,io.cucumber.testng.FeatureWrapper)[pri:0, instance:com.runner.Runner@7a8c8dcf]" started-at="2023-01-18T10:35:28 EST" name="runScenario" description="Runs Cucumber Scenarios" data-provider="scenarios" finished-at="2023-01-18T10:35:32 EST" duration-ms="3320" status="PASS">
          <params>
            <param index="0">
              <value>
                <![CDATA["Validate Binary Trees link"]]>
              </value>
            </param>
            <param index="1">
              <value>
                <![CDATA["Optional[Tree]"]]>
              </value>
            </param>
          </params>
          <reporter-output>
          </reporter-output>
        </test-method> <!-- runScenario -->
        <test-method signature="runScenario(io.cucumber.testng.PickleWrapper,io.cucumber.testng.FeatureWrapper)[pri:0, instance:com.runner.Runner@7a8c8dcf]" started-at="2023-01-18T10:35:32 EST" name="runScenario" description="Runs Cucumber Scenarios" data-provider="scenarios" finished-at="2023-01-18T10:35:35 EST" duration-ms="3392" status="PASS">
          <params>
            <param index="0">
              <value>
                <![CDATA["Validate Types of Binary Trees link"]]>
              </value>
            </param>
            <param index="1">
              <value>
                <![CDATA["Optional[Tree]"]]>
              </value>
            </param>
          </params>
          <reporter-output>
          </reporter-output>
        </test-method> <!-- runScenario -->
        <test-method signature="runScenario(io.cucumber.testng.PickleWrapper,io.cucumber.testng.FeatureWrapper)[pri:0, instance:com.runner.Runner@7a8c8dcf]" started-at="2023-01-18T10:35:35 EST" name="runScenario" description="Runs Cucumber Scenarios" data-provider="scenarios" finished-at="2023-01-18T10:35:38 EST" duration-ms="3412" status="PASS">
          <params>
            <param index="0">
              <value>
                <![CDATA["Validate Implementation in Python link"]]>
              </value>
            </param>
            <param index="1">
              <value>
                <![CDATA["Optional[Tree]"]]>
              </value>
            </param>
          </params>
          <reporter-output>
          </reporter-output>
        </test-method> <!-- runScenario -->
        <test-method signature="runScenario(io.cucumber.testng.PickleWrapper,io.cucumber.testng.FeatureWrapper)[pri:0, instance:com.runner.Runner@7a8c8dcf]" started-at="2023-01-18T10:35:38 EST" name="runScenario" description="Runs Cucumber Scenarios" data-provider="scenarios" finished-at="2023-01-18T10:35:42 EST" duration-ms="3381" status="PASS">
          <params>
            <param index="0">
              <value>
                <![CDATA["Validate Binary Tree Traversals link"]]>
              </value>
            </param>
            <param index="1">
              <value>
                <![CDATA["Optional[Tree]"]]>
              </value>
            </param>
          </params>
          <reporter-output>
          </reporter-output>
        </test-method> <!-- runScenario -->
        <test-method signature="runScenario(io.cucumber.testng.PickleWrapper,io.cucumber.testng.FeatureWrapper)[pri:0, instance:com.runner.Runner@7a8c8dcf]" started-at="2023-01-18T10:35:42 EST" name="runScenario" description="Runs Cucumber Scenarios" data-provider="scenarios" finished-at="2023-01-18T10:35:45 EST" duration-ms="3404" status="PASS">
          <params>
            <param index="0">
              <value>
                <![CDATA["Validate Implementation of Binary Trees link"]]>
              </value>
            </param>
            <param index="1">
              <value>
                <![CDATA["Optional[Tree]"]]>
              </value>
            </param>
          </params>
          <reporter-output>
          </reporter-output>
        </test-method> <!-- runScenario -->
        <test-method signature="runScenario(io.cucumber.testng.PickleWrapper,io.cucumber.testng.FeatureWrapper)[pri:0, instance:com.runner.Runner@7a8c8dcf]" started-at="2023-01-18T10:35:45 EST" name="runScenario" description="Runs Cucumber Scenarios" data-provider="scenarios" finished-at="2023-01-18T10:35:49 EST" duration-ms="3407" status="PASS">
          <params>
            <param index="0">
              <value>
                <![CDATA["Validate Applications of Binary trees link"]]>
              </value>
            </param>
            <param index="1">
              <value>
                <![CDATA["Optional[Tree]"]]>
              </value>
            </param>
          </params>
          <reporter-output>
          </reporter-output>
        </test-method> <!-- runScenario -->
        <test-method signature="runScenario(io.cucumber.testng.PickleWrapper,io.cucumber.testng.FeatureWrapper)[pri:0, instance:com.runner.Runner@7a8c8dcf]" started-at="2023-01-18T10:35:49 EST" name="runScenario" description="Runs Cucumber Scenarios" data-provider="scenarios" finished-at="2023-01-18T10:35:52 EST" duration-ms="3401" status="PASS">
          <params>
            <param index="0">
              <value>
                <![CDATA["Validate Binary Search Trees link"]]>
              </value>
            </param>
            <param index="1">
              <value>
                <![CDATA["Optional[Tree]"]]>
              </value>
            </param>
          </params>
          <reporter-output>
          </reporter-output>
        </test-method> <!-- runScenario -->
        <test-method signature="runScenario(io.cucumber.testng.PickleWrapper,io.cucumber.testng.FeatureWrapper)[pri:0, instance:com.runner.Runner@7a8c8dcf]" started-at="2023-01-18T10:35:52 EST" name="runScenario" description="Runs Cucumber Scenarios" data-provider="scenarios" finished-at="2023-01-18T10:35:56 EST" duration-ms="3526" status="PASS">
          <params>
            <param index="0">
              <value>
                <![CDATA["Validate Implementation Of BST link"]]>
              </value>
            </param>
            <param index="1">
              <value>
                <![CDATA["Optional[Tree]"]]>
              </value>
            </param>
          </params>
          <reporter-output>
          </reporter-output>
        </test-method> <!-- runScenario -->
        <test-method signature="runScenario(io.cucumber.testng.PickleWrapper,io.cucumber.testng.FeatureWrapper)[pri:0, instance:com.runner.Runner@7a8c8dcf]" started-at="2023-01-18T10:35:56 EST" name="runScenario" description="Runs Cucumber Scenarios" data-provider="scenarios" finished-at="2023-01-18T10:35:59 EST" duration-ms="3526" status="PASS">
          <params>
            <param index="0">
              <value>
                <![CDATA["User validate Get Started On Graph page"]]>
              </value>
            </param>
            <param index="1">
              <value>
                <![CDATA["Optional[Graph]"]]>
              </value>
            </param>
          </params>
          <reporter-output>
          </reporter-output>
        </test-method> <!-- runScenario -->
        <test-method signature="runScenario(io.cucumber.testng.PickleWrapper,io.cucumber.testng.FeatureWrapper)[pri:0, instance:com.runner.Runner@7a8c8dcf]" started-at="2023-01-18T10:35:59 EST" name="runScenario" description="Runs Cucumber Scenarios" data-provider="scenarios" finished-at="2023-01-18T10:36:02 EST" duration-ms="3362" status="PASS">
          <params>
            <param index="0">
              <value>
                <![CDATA["User validate Graph Representations page"]]>
              </value>
            </param>
            <param index="1">
              <value>
                <![CDATA["Optional[Graph]"]]>
              </value>
            </param>
          </params>
          <reporter-output>
          </reporter-output>
        </test-method> <!-- runScenario -->
        <test-method signature="runScenario(io.cucumber.testng.PickleWrapper,io.cucumber.testng.FeatureWrapper)[pri:0, instance:com.runner.Runner@7a8c8dcf]" started-at="2023-01-18T10:36:02 EST" name="runScenario" description="Runs Cucumber Scenarios" data-provider="scenarios" finished-at="2023-01-18T10:36:03 EST" duration-ms="387" status="PASS">
          <params>
            <param index="0">
              <value>
                <![CDATA["The user is able to navigate to Graph Data Structure Page"]]>
              </value>
            </param>
            <param index="1">
              <value>
                <![CDATA["Optional[Graph]"]]>
              </value>
            </param>
          </params>
          <reporter-output>
          </reporter-output>
        </test-method> <!-- runScenario -->
        <test-method signature="runScenario(io.cucumber.testng.PickleWrapper,io.cucumber.testng.FeatureWrapper)[pri:0, instance:com.runner.Runner@7a8c8dcf]" started-at="2023-01-18T10:36:03 EST" name="runScenario" description="Runs Cucumber Scenarios" data-provider="scenarios" finished-at="2023-01-18T10:36:05 EST" duration-ms="1952" status="PASS">
          <params>
            <param index="0">
              <value>
                <![CDATA["The user is presented with error message for invalid code in Editor for Graph page"]]>
              </value>
            </param>
            <param index="1">
              <value>
                <![CDATA["Optional[Graph]"]]>
              </value>
            </param>
          </params>
          <reporter-output>
          </reporter-output>
        </test-method> <!-- runScenario -->
        <test-method signature="runScenario(io.cucumber.testng.PickleWrapper,io.cucumber.testng.FeatureWrapper)[pri:0, instance:com.runner.Runner@7a8c8dcf]" started-at="2023-01-18T10:36:05 EST" name="runScenario" description="Runs Cucumber Scenarios" data-provider="scenarios" finished-at="2023-01-18T10:36:05 EST" duration-ms="522" status="PASS">
          <params>
            <param index="0">
              <value>
                <![CDATA["The user is able to navigate to graph representations page and click on Practice Questions"]]>
              </value>
            </param>
            <param index="1">
              <value>
                <![CDATA["Optional[Graph]"]]>
              </value>
            </param>
          </params>
          <reporter-output>
          </reporter-output>
        </test-method> <!-- runScenario -->
        <test-method is-config="true" signature="tearDownClass()[pri:0, instance:com.runner.Runner@7a8c8dcf]" started-at="2023-01-18T10:36:05 EST" name="tearDownClass" finished-at="2023-01-18T10:36:06 EST" duration-ms="346" status="PASS">
          <reporter-output>
          </reporter-output>
        </test-method> <!-- tearDownClass -->
      </class> <!-- com.runner.Runner -->
    </test> <!-- Default test -->
  </suite> <!-- Default suite -->
</testng-results>
